INFO: License(s) matlab:1
Starting model at Tue May 22 19:14:06 CDT 2018
numprocs=100
NEURON -- Release 7.4 (1370:16a7055d4a86) 2015-11-09
Duke, Yale, and the BlueBrain Project -- Copyright 1984-2015
See http://www.neuron.yale.edu/neuron/credits

Additional mechanisms from files
 ch_CavL.mod ch_CavN.mod ch_HCN.mod ch_HCNolm.mod ch_HCNp.mod ch_KCaS.mod ch_Kdrfast.mod ch_Kdrfastngf.mod ch_Kdrp.mod ch_Kdrslow.mod ch_KvAdistp.mod ch_KvA.mod ch_KvAngf.mod ch_KvAolm.mod ch_KvAproxp.mod ch_KvCaB.mod ch_KvGroup.mod ch_KvM.mod ch_leak.mod ch_Navaxonp.mod ch_Navbis.mod ch_Navcck.mod ch_Nav.mod ch_Navngf.mod ch_Navp.mod ExpGABAab.mod fastconn.mod iconc_Ca.mod MyExp2Sid.mod MyExp2Sidnw.mod mynetstim.mod positionfcns.mod repeatconn.mod sgate.mod SIN.mod xtra.mod
Libraries loaded
	17 
Libraries loaded
	17 
Libraries loaded
	17 
Libraries loaded
	17 
Libraries loaded
	17 
Libraries loaded
	17 
Libraries loaded
	17 
Libraries loaded
	17 
Libraries loaded
	17 
Libraries loaded
	17 
Libraries loaded
	17 
Libraries loaded
	17 
Libraries loaded
	17 
Libraries loaded
	17 
Libraries loaded
	17 
Libraries loaded
	17 
Libraries loaded
	17 
Libraries loaded
	17 
Libraries loaded
	17 
Libraries loaded
	17 
Libraries loaded
	17 
Libraries loaded
	17 
Libraries loaded
	17 
Libraries loaded
	17 
Libraries loaded
	17 
Libraries loaded
	17 
Libraries loaded
	17 
Libraries loaded
	17 
Libraries loaded
	17 
Libraries loaded
	17 
Libraries loaded
	17 
Libraries loaded
	17 
Libraries loaded
	17 
Libraries loaded
	17 
Libraries loaded
	17 
Libraries loaded
	17 
Libraries loaded
	17 
Libraries loaded
	17 
Libraries loaded
	17 
Libraries loaded
	17 
Libraries loaded
	17 
Libraries loaded
	17 
Libraries loaded
	17 
Libraries loaded
	17 
Libraries loaded
	17 
Libraries loaded
	17 
Libraries loaded
Libraries loaded
	17 
Libraries loaded
	17 
Libraries loaded
	17 
Libraries loaded
	17 
Libraries loaded
	17 
Libraries loaded
	17 
Libraries loaded
	17 
Libraries loaded
	17 
Libraries loaded
	17 
Libraries loaded
	17 
Libraries loaded
	17 
Libraries loaded
	17 
Libraries loaded
	17 
	17 
Libraries loaded
	17 
Libraries loaded
	17 
Libraries loaded
	17 
Libraries loaded
	17 
Libraries loaded
	17 
Libraries loaded
	17 
Libraries loaded
	17 
Libraries loaded
	17 
Libraries loaded
	17 
Libraries loaded
Libraries loaded
	17 
Libraries loaded
	17 
Libraries loaded
	17 
Libraries loaded
	17 
Libraries loaded
Libraries loaded
	17 
Libraries loaded
	17 
Libraries loaded
	17 
Libraries loaded
	17 
	17 
Libraries loaded
	17 
Libraries loaded
	17 
Libraries loaded
	17 
Libraries loaded
	17 
Libraries loaded
	17 
Libraries loaded
	17 
Libraries loaded
Libraries loaded
	17 
	17 
Libraries loaded
	17 
Libraries loaded
	17 
Libraries loaded
	17 
Libraries loaded
	17 
Libraries loaded
	17 
Libraries loaded
	17 
Libraries loaded
	17 
Libraries loaded
Libraries loaded
	17 
	17 
Libraries loaded
	17 
Libraries loaded
	17 
Libraries loaded
	17 
	17 
Libraries loaded
	17 
model size, cell definitions done
	34 
model size, cell definitions done
	34 
model size, cell definitions done
	34 
model size, cell definitions done
	34 
model size, cell definitions done
	34 
0 nrniv: Arg out of range in user function
0  in main.hoc near line 254
0  }
  ^
        0 StringFunctions[14].left("", -1)
--------------------------------------------------------------------------
MPI_ABORT was invoked on rank 0 in communicator MPI_COMM_WORLD
with errorcode -1.

NOTE: invoking MPI_ABORT causes Open MPI to kill all MPI processes.
You may or may not see output from other processes, depending on
exactly when Open MPI kills them.
--------------------------------------------------------------------------
model size, cell definitions done
	34 
model size, cell definitions done
	34 
model size, cell definitions done
	34 
model size, cell definitions done
	34 
model size, cell definitions done
	34 
model size, cell definitions done
	34 
model size, cell definitions done
	34 
model size, cell definitions done
	34 
model size, cell definitions done
	34 
model size, cell definitions done
	34 
model size, cell definitions done
	34 
model size, cell definitions done
	34 
model size, cell definitions done
	34 
model size, cell definitions done
	34 
model size, cell definitions done
model size, cell definitions done
	34 
model size, cell definitions done
	34 
model size, cell definitions done
	34 
model size, cell definitions done
	34 
model size, cell definitions done
	34 
	34 
model size, cell definitions done
	34 
model size, cell definitions done
	34 
model size, cell definitions done
	34 
model size, cell definitions done
	34 
model size, cell definitions done
	34 
model size, cell definitions done
	34 
model size, cell definitions done
	34 
model size, cell definitions done
	34 
model size, cell definitions done
	34 
model size, cell definitions done
	34 
model size, cell definitions done
	34 
model size, cell definitions done
	34 
model size, cell definitions done
	34 
model size, cell definitions done
	34 
model size, cell definitions done
	34 
model size, cell definitions done
model size, cell definitions done
	34 
model size, cell definitions done
	34 
	34 
model size, cell definitions done
	34 
model size, cell definitions done
	34 
model size, cell definitions done
	34 
model size, cell definitions done
	34 
