Starting model at Mon May 28 18:55:41 CEST 2018
numprocs=10
NEURON -- VERSION 7.5 master (6b4c19f) 2017-09-25
Duke, Yale, and the BlueBrain Project -- Copyright 1984-2016
See http://neuron.yale.edu/neuron/credits

Additional mechanisms from files
 cadyn.mod capool.mod ch_CavL.mod ch_CavN.mod ch_HCN.mod ch_HCNolm.mod ch_HCNp.mod ch_KCaS.mod ch_Kdrfast.mod ch_Kdrfastngf.mod ch_Kdrp.mod ch_Kdrslow.mod ch_KvAdistp.mod ch_KvA.mod ch_KvAngf.mod ch_KvAolm.mod ch_KvAproxp.mod ch_KvCaB.mod ch_KvGroup.mod ch_KvM.mod ch_leak.mod ch_Navaxonp.mod ch_Navbis.mod ch_Navcck.mod ch_Nav.mod ch_Navngf.mod ch_Navp.mod ExpGABAab.mod fastconn.mod h.mod iconc_Ca.mod im.mod kaprox.mod kdrca1.mod kv.mod leak.mod MyExp2Sid.mod MyExp2Sidnw.mod mynetstim.mod na12.mod na16.mod na3DA.mod na3.mod nainter.mod nap.mod nat.mod positionfcns.mod repeatconn.mod sahp.mod sgate.mod SIN.mod xtra.mod
Note, there was no axonal distribution file for poissonbg
Note, there was no axonal distribution file for poissonbg
Note, there was no axonal distribution file for poissonbg
Note, there was no axonal distribution file for poissonbg
Note, there was no axonal distribution file for poissonbg
Note, there was no axonal distribution file for poissonbg
Note, there was no axonal distribution file for poissonbg
Note, there was no axonal distribution file for poissonbg
Note, there was no axonal distribution file for poissonbg
Note, there was no axonal distribution file for poissonbg
direx: aec0afb3-788f-43c2-8a9a-367fb1392ce5

sh: git: command not found
sh: git: command not found
sh: git: command not found
Host 1  created cells.
Host 2  created cells.
Host 4  created cells.
Host 5  created cells.
Host 6  created cells.
Host 3  created cells.
Host 8  created cells.
Host 9  created cells.
Host 7  created cells.

TIME HOST 0: 1.96 seconds (set up)
************
Host 0  created cells.

TIME HOST 0: 0.04 seconds (created cells)
************
Host 4  is connecting: pyramidalcells to pyramidalcells.
Host 4  is connecting: axoaxoniccells to pyramidalcells.
Host Host 9  is connecting: pyramidalcells to pyramidalcells.
Host 9  is connecting: axoaxoniccells to pyramidalcells.
Host 1  is connecting: pyramidalcells to pyramidalcells.
Host 3  is connecting: pyramidalcells to pyramidalcells.
Host 3  is connecting: axoaxoniccells to pyramidalcells.
Host 5  is connecting: pyramidalcells to pyramidalcells.
Host 5  is connecting: axoaxoniccells to pyramidalcells.
1  is connecting: axoaxoniccells to pyramidalcells.
Host 2  is connecting: pyramidalcells to pyramidalcells.
Host 2  is connecting: axoaxoniccells to pyramidalcells.
Host 6  is connecting: pyramidalcells to pyramidalcells.
Host 6  is connecting: axoaxoniccells to pyramidalcells.
Host 8  is connecting: pyramidalcells to pyramidalcells.
Host 8  is connecting: axoaxoniccells to pyramidalcells.
Host 3  is connecting: pvbasketcells to pyramidalcells.
Host 4  is connecting: pvbasketcells to pyramidalcells.
Host 4  is connecting: poissonbgs to pyramidalcellHost 5  is connecting: pvbasketcells to pyramidalcells.
Host 5  is connecting: poissonbgs to pyramidalcells.
Host 7  is connecting: pyramidalcells to pyramidalcells.
Host 7  is connecting: axoaxoniccells to pyramidalcellHost 9  is connecting: pvbasketcells to pyramidalcells.
Host 9  is connecting: poissonbgs to pyramidalcells.
Host 9  is connecting: pyramidalcells to axoaxoniccells.
Host 1  is connecting: pvbasketcells to pyramidalcells.
Host 1  is connecting: poissonbgs to pyramidalcells.
Host 1  is connecting: pyramidalcells to axoaxoniccells.Host 2  is connecting: pvbasketcells to pyramidalcells.
Host 2  is connecting: poissonbgs to pyramidalcells.
Host 2  is connecting: pyramidalcells to axoaxoniccells.
Host 3  is connecting: poissonbgs to pyramidalcells.
Host 3  is connecting: pyramidalcells to axoaxoniccells.
Host 3  is connecting: axoaxoniccells to axoaxoniccells.
Host 3  is connecting: pvbasketcells to axoaxoniccells.
Host 3  is connecting: poissonbgs to axoaxoniccells.
s.
Host 4  is connecting: pyramidalcells to axoaxoniccells.
Host 4  is connecting: axoaxoniccells to axoaxoniccells.
Host 4  is connecting: pvbasketcells to axoaxoniccells.
Host 4  is connecting: poissonbgs to axoaxoniccells.
Host 5  is connecting: pyramidalcells to axoaxoniccells.
Host 5  is connecting: axoaxoniccells to axoaxoniccells.
Host 5  is connecting: pvbasketcells to axoaxoniccells.
Host 5  is connecting: poissonbgs to axoaxoniccells.
Host 6  is connecting: pvbasketcells to pyramidalcells.
Host 6  is connecting: poissonbgs to pyramidalcells.
Host 6  is connecting: pyramidalcells to axoaxoniccells.
Host 6  is connecting: axoaxoniccells to axoaxoniccells.
Host 6  is connecting: pvbasketcells to axoaxoniccells.
Host 6  is connecting: poissonbgs to axoaxoniccells.
s.
Host 8  is connecting: pvbasketcells to pyramidalcells.
Host 8  is connecting: poissonbgs to pyramidalcells.
Host 8  is connecting: pyramidalcells to axoaxoniccells.
Host 8  is connecting: axoaxoniccells to axoaxoniccells.
Host 8  is connecting: pvbasketcells to axoaxoniccells.
Host 8  is connecting: poissonbgs to axoaxoniccells.
Host 9  is connecting: axoaxoniccells to axoaxoniccells.
Host 9  is connecting: pvbasketcells to axoaxoniccells.
Host 9  is connecting: poissonbgs to axoaxoniccells.
Host 9  is connecting: pyramidalcells to pvbasketcells.

Host 1  is connecting: axoaxoniccells to axoaxoniccells.
Host 1  is connecting: pvbasketcells to axoaxoniccells.
Host 1  is connecting: poissonbgs to axoaxoniccells.
Host 1  is connecting: pyramidalcells to pvbasketcells.
Host Host 2  is connecting: axoaxoniccells to axoaxoniccells.
Host 2  is connecting: pvbasketcells to axoaxoniccells.
Host 2  is connecting: poissonbgs to axoaxoniccells.
Host 2  is connecting: pyramidalcells to pvbasketcells.
Host 2  is connecting: axoaxoniccells to pvbasketcells.
Host 2  is connecting: pvbasketcells to pvbasketcells.
Host 3  is connecting: pyramidalcells to pvbasketcells.
Host 3  is connecting: axoaxoniccells to pvbasketcells.
Host 3  is connecting: pvbasketcells to pvbasketcells.
Host 3  is connecting: poissonbgs to pvbasketcells.
Host 3  is connecting: pyramidalcells to poissonbgs.
Host 3  is connecting: axoaxoniccells to poissonbgs.
Host 3  is connecting: pvbasketcells to poissonbgs.
Host 3  is connecting: poissonbgs to poissonbgHost 4  is connecting: pyramidalcells to pvbasketcells.
Host 4  is connecting: axoaxoniccells to pvbasketcells.
Host 4  is connecting: pvbasketcells to pvbasketcells.
Host 4  is connecting: poissonbgs to pvbasketcells.
Host 4  is connecting: pyramidalcells to poissonbgs.
Host 4  is connecting: axoaxoniccells to poissonbgs.
Host 4  is connecting: pvbasketcells to poissonbgs.
Host 4  is connecting: poissonbgs to poissonbgs.
Host Host 5  is connecting: pyramidalcells to pvbasketcells.
Host 5  is connecting: axoaxoniccells to pvbasketcells.
Host 5  is connecting: pvbasketcells to pvbasketcells.
Host 5  is connecting: poissonbgs to pvbasketcells.
Host 5  is connecting: pyramidalcells to poissonbgs.
Host 5  is connecting: axoaxoniccells to poissonbgs.
Host 5  is connecting: pvbasketcells to poissonbgs.
Host 5  is connecting: poissonbgs to poissonbgs.
Host 5  connected cells.
Host 7  is connecting: pvbasketcells to pyramidalcells.
Host 7  is connecting: poissonbgs to pyramidalcells.
Host 7  is connecting: pyramidalcells to axoaxoniccells.
Host 7  is connecting: axoaxoniccells to axoaxoniccells.
Host 8  is connecting: pyramidalcells to pvbasketcells.
Host 8  is connecting: axoaxoniccells to pvbasketcells.
Host 8  is connecting: pvbasketcells to pvbasketcells.
Host 8  is connecting: poissonbgs to pvbasketcells.
Host 8  is connecting: pyramidalcells to poissonbgs.
Host 8  is connecting: axoaxoniccells to poissonbgs.
Host 8  is connecting: pvbasketcells to poissonbgs.
Host 8  is connecting: poissonbgs to poissonbgs.
Host 8  connected cells.
Host 9  is connecting: axoaxoniccells to pvbasketcells.
Host 9  is connecting: pvbasketcells to pvbasketcells.
Host 9  is connecting: poissonbgs to pvbasketcells.
Host 9  is connecting: pyramidalcells to poissonbgs.
Host 9  is connecting: axoaxoniccells to poissonbgs.
Host 9  is connecting: pvbasketcells to poissonbgs.
Host 9  is connecting: poissonbgs to poissonbgs.
Host 9  connected cells.
1  is connecting: axoaxoniccells to pvbasketcells.
Host 1  is connecting: pvbasketcells to pvbasketcells.
Host 1  is connecting: poissonbgs to pvbasketcells.
Host 1  is connecting: pyramidalcells to poissonbgs.
Host 1  is connecting: axoaxoniccells to poissonbgs.
Host 1  is connecting: pvbasketcells to poissonbgs.
Host 1  is connecting: poissonbgs to poissonbgs.
Host 1  connected cells.
Host 2  is connecting: poissonbgs to pvbasketcells.
Host 2  is connecting: pyramidalcells to poissonbgs.
Host 2  is connecting: axoaxoniccells to poissonbgs.
Host 2  is connecting: pvbasketcells to poissonbgs.
Host 2  is connecting: poissonbgs to poissonbgs.
Host 2  connected cells.
s.
Host 3  connected cells.
4  connected cells.
Host 6  is connecting: pyramidalcells to pvbasketcells.
Host 6  is connecting: axoaxoniccells to pvbasketcells.
Host 6  is connecting: pvbasketcells to pvbasketcells.
Host 6  is connecting: poissonbgs to pvbasketcells.
Host 6  is connecting: pyramidalcells to poissonbgs.
Host 6  is connecting: axoaxoniccells to poissonbgs.
Host 6  is connecting: pvbasketcells to poissonbgs.
Host 6  is connecting: poissonbgs to poissonbgs.
Host 6  connected cells.
Host 7  is connecting: pvbasketcells to axoaxoniccells.
Host 7  is connecting: poissonbgs to axoaxoniccells.
Host 7  is connecting: pyramidalcells to pvbasketcells.
Host 7  is connecting: axoaxoniccells to pvbasketcells.
Host 7  is connecting: pvbasketcells to pvbasketcells.
Host 7  is connecting: poissonbgs to pvbasketcells.
Host 7  is connecting: pyramidalcells to poissonbgs.
Host 7  is connecting: axoaxoniccells to poissonbgs.
Host 7  is connecting: pvbasketcells to poissonbgs.
Host 7  is connecting: poissonbgs to poissonbgs.
Host 7  connected cells.
Host 0  is connecting: pyramidalcells to pyramidalcells.
Host 0  is connecting: axoaxoniccells to pyramidalcells.
sh: topcmd.sh: No such file or directory
Host 0  is connecting: pvbasketcells to pyramidalcells.
Host 0  is connecting: poissonbgs to pyramidalcells.
Host 0  is connecting: pyramidalcells to axoaxoniccells.
sh: topcmd.sh: No such file or directory
Host 0  is connecting: axoaxoniccells to axoaxoniccells.
Host 0  is connecting: pvbasketcells to axoaxoniccells.
Host 0  is connecting: poissonbgs to axoaxoniccells.
sh: topcmd.sh: No such file or directory
Host 0  is connecting: pyramidalcells to pvbasketcells.
Host 0  is connecting: axoaxoniccells to pvbasketcells.
Host 0  is connecting: pvbasketcells to pvbasketcells.
Host 0  is connecting: poissonbgs to pvbasketcells.
Host 0  is connecting: pyramidalcells to poissonbgs.
Host 0  is connecting: axoaxoniccells to poissonbgs.
Host 0  is connecting: pvbasketcells to poissonbgs.
Host 0  is connecting: poissonbgs to poissonbgs.
Host 0  connected cells.

TIME HOST 0: 1.91 seconds (connected cells)
************

host 0 online before 
	23 
host 1 online before 
	23 

host 2 online before 
	23 

host 3 online before 
	23 

host 4 online before 
	23 

host 5 online before 
	23 

host 6 online before 
	23 

host 7 online before 
	23 

host 8 online before 
	23 

host 9 online before 
	23 

-490 
-490 
-490 
-490 
-490 
-480 
-480 
-490 
-490 
-490 
-490 
-480 
-490 
-480 
-480 
-470 
-470 
-470 
-470 
-470 
-480 
-480 
-480 
-480 
-480 
-460 
-460 
-460 
-460 
-460 
-470 
-470 
-470 
-470 
-470 
-450 
-450 
-450 
-450 
-450 
-460 
-460 
-460 
-460 
-440 
-460 
-440 
-440 
-440 
-440 
-450 
-430 
-450 
-450 
-450 
-430 
-430 
-450 
-430 
-430 
-420 
-440 
-440 
-420 
-440 
-420 
-440 
-420 
-440 
-420 
-410 
-410 
-430 
-430 
-410 
-410 
-430 
-430 
-430 
-410 
-400 
-400 
-420 
-420 
-420 
-420 
-420 
-400 
-400 
-400 
-390 
-390 
-410 
-410 
-410 
-410 
-390 
-410 
-390 
-380 
-390 
-380 
-400 
-380 
-400 
-400 
-400 
-400 
-370 
-370 
-380 
-380 
-360 
-360 
-390 
-390 
-390 
-390 
-370 
-390 
-370 
-350 
-370 
-350 
-380 
-380 
-380 
-380 
-340 
-370 
-340 
-360 
-370 
-360 
-360 
-370 
-380 
-330 
-330 
-360 
-370 
-360 
-350 
-360 
-350 
-350 
-370 
-320 
-320 
-350 
-360 
-350 
-350 
-340 
-340 
-310 
-340 
-310 
-340 
-340 
-350 
-360 
-300 
-300 
-340 
-330 
-330 
-330 
-340 
-330 
-330 
-290 
-290 
-330 
-320 
-350 
-320 
-320 
-330 
-320 
-280 
-320 
-280 
-310 
-320 
-310 
-320 
-310 
-270 
-310 
-270 
-300 
-340 
-310 
-310 
-260 
-310 
-260 
-300 
-300 
-300 
-290 
-300 
-330 
-250 
-250 
-290 
-290 
-300 
-290 
-300 
-280 
-240 
-240 
-290 
-280 
-290 
-280 
-290 
-280 
-230 
-230 
-270 
-320 
-280 
-270 
-280 
-270 
-280 
-270 
-220 
-220 
-270 
-260 
-260 
-270 
-260 
-270 
-210 
-260 
-310 
-210 
-260 
-250 
-250 
-260 
-250 
-200 
-200 
-250 
-260 
-250 
-240 
-240 
-250 
-240 
-300 
-190 
-190 
-240 
-250 
-240 
-230 
-230 
-180 
-240 
-230 
-180 
-230 
-290 
-240 
-230 
-220 
-170 
-230 
-220 
-220 
-170 
-220 
-230 
-210 
-160 
-220 
-160 
-220 
-210 
-210 
-210 
-280 
-150 
-200 
-150 
-220 
-210 
-210 
-200 
-140 
-190 
-200 
-140 
-200 
-200 
-200 
-130 
-180 
-190 
-270 
-130 
-210 
-190 
-190 
-190 
-190 
-120 
-120 
-180 
-170 
-180 
-180 
-180 
-110 
-180 
-110 
-200 
-160 
-170 
-260 
-170 
-170 
-100 
-100 
-150 
-160 
-170 
-170 
-160 
-160 
-190 
-140 
-150 
-250 
-160 
-150 
-160 
-150 
-130 
-140 
-140 
-140 
-150 
-150 
-180 
-130 
-240 
-120 
-130 
-130 
-140 
-140 
-170 
-110 
-120 
-120 
-120 
-230 
-130 
-130 
-100 
-110 
-110 
-110 
-120 
-120 
-160 
-220 
-100 
-110 
-100 
-110 
-100 
-150 
-100 
-100 
-140 
-210 
-130 
-200 
-120 
-190 
-110 
-180 
-100 
-170 
-160 
-150 
-140 
-130 
-120 
-110 
-100 
100 ms interval at t=100 ms was 11.28 s
100 ms interval at t=200 ms was 11.32 s
100 ms interval at t=300 ms was 10.61 s
100 ms interval at t=400 ms was 10.5 s
100 ms interval at t=500 ms was 10.51 s
100 ms interval at t=600 ms was 10.49 s
100 ms interval at t=700 ms was 9.92 s
100 ms interval at t=800 ms was 9.77 s
100 ms interval at t=900 ms was 9.78 s
100 ms interval at t=1000 ms was 10.23 s
100 ms interval at t=1100 ms was 10.49 s
100 ms interval at t=1200 ms was 10.5 s
100 ms interval at t=1300 ms was 10.51 s
100 ms interval at t=1400 ms was 10.5 s
100 ms interval at t=1500 ms was 10.5 s
100 ms interval at t=1600 ms was 10.5 s
100 ms interval at t=1700 ms was 10.5 s
100 ms interval at t=1800 ms was 10.51 s
100 ms interval at t=1900 ms was 10.48 s
100 ms interval at t=2000 ms was 9.77 s
100 ms interval at t=2100 ms was 9.75 s
100 ms interval at t=2200 ms was 9.74 s
100 ms interval at t=2300 ms was 9.77 s
100 ms interval at t=2400 ms was 9.76 s
100 ms interval at t=2500 ms was 9.76 s
100 ms interval at t=2600 ms was 9.74 s
100 ms interval at t=2700 ms was 9.74 s
100 ms interval at t=2800 ms was 9.75 s
100 ms interval at t=2900 ms was 9.76 s
100 ms interval at t=3000 ms was 9.75 s
100 ms interval at t=3100 ms was 11.29 s
100 ms interval at t=3200 ms was 11.27 s
100 ms interval at t=3300 ms was 11.28 s
100 ms interval at t=3400 ms was 11.28 s
100 ms interval at t=3500 ms was 11.28 s
100 ms interval at t=3600 ms was 11.11 s
100 ms interval at t=3700 ms was 10.8 s
100 ms interval at t=3800 ms was 10.8 s
100 ms interval at t=3900 ms was 10.81 s
100 ms interval at t=4000 ms was 10.79 s
100 ms interval at t=4100 ms was 10.78 s
100 ms interval at t=4200 ms was 10.79 s
100 ms interval at t=4300 ms was 10.79 s
100 ms interval at t=4400 ms was 10.8 s
100 ms interval at t=4500 ms was 10.79 s
100 ms interval at t=4600 ms was 10.78 s
100 ms interval at t=4700 ms was 10.78 s
100 ms interval at t=4800 ms was 10.79 s
100 ms interval at t=4900 ms was 10.76 s
100 ms interval at t=5000 ms was 10.8 s

TIME HOST 0: 524.72 seconds (ran simulation)
************
load_balance = 0.982
exchange_time = 1.20 ms
****
TIME SUMMARY for host 0
set up in 1.96 seconds
created cells in 0.04 seconds
connected cells in 1.91 seconds
ran simulation in 524.72 seconds
wrote results in 344.19 seconds
TOTAL TIME   = 873.41 seconds
ALLOTTED TIME = 14400 seconds
************
This run is called: testrun_05
************
