Starting model at Mon May 28 19:58:13 CEST 2018
numprocs=10
NEURON -- VERSION 7.5 master (6b4c19f) 2017-09-25
Duke, Yale, and the BlueBrain Project -- Copyright 1984-2016
See http://neuron.yale.edu/neuron/credits

Additional mechanisms from files
 cadyn.mod capool.mod ch_CavL.mod ch_CavN.mod ch_HCN.mod ch_HCNolm.mod ch_HCNp.mod ch_KCaS.mod ch_Kdrfast.mod ch_Kdrfastngf.mod ch_Kdrp.mod ch_Kdrslow.mod ch_KvAdistp.mod ch_KvA.mod ch_KvAngf.mod ch_KvAolm.mod ch_KvAproxp.mod ch_KvCaB.mod ch_KvGroup.mod ch_KvM.mod ch_leak.mod ch_Navaxonp.mod ch_Navbis.mod ch_Navcck.mod ch_Nav.mod ch_Navngf.mod ch_Navp.mod ExpGABAab.mod fastconn.mod h.mod iconc_Ca.mod im.mod kaprox.mod kdrca1.mod kv.mod leak.mod MyExp2Sid.mod MyExp2Sidnw.mod mynetstim.mod na12.mod na16.mod na3DA.mod na3.mod nainter.mod nap.mod nat.mod positionfcns.mod repeatconn.mod sahp.mod sgate.mod SIN.mod xtra.mod
Note, there was no axonal distribution file for poissonbg
Note, there was no axonal distribution file for poissonbg
Note, there was no axonal distribution file for poissonbg
Note, there was no axonal distribution file for poissonbg
Note, there was no axonal distribution file for poissonbg
Note, there was no axonal distribution file for poissonbg
Note, there was no axonal distribution file for poissonbg
Note, there was no axonal distribution file for poissonbg
Note, there was no axonal distribution file for poissonbg
Note, there was no axonal distribution file for poissonbg
direx: 167f26ce-bd3f-4e52-992e-cb0656eae278

sh: git: command not found
sh: git: command not found
sh: git: command not found
Host 9  created cells.
Host 8  created cells.
Host 5  created cells.
Host 2  created cells.
Host 4  created cells.
Host 3  created cells.
Host 7  created cells.
Host 1  created cells.
Host 6  created cells.

TIME HOST 0: 1.42 seconds (set up)
************
Host 0  created cells.

TIME HOST 0: 0.0400002 seconds (created cells)
************
Host 9  is connecting: pyramidalcells to pyramidalcells.
Host 9  is connecting: axoaxoniccells to pyramidalcells.
Host 8  is connecting: pyramidalcells to pyramidalcells.
Host 8  is connecting: axoaxoniccells to pyramidalcells.
Host 9  is connecting: pvbasketcells to pyramidalcells.
Host 5  is connecting: pyramidalcells to pyramidalcells.
Host 5  is connecting: axoaxoniccells to pyramidalcells.
Host 9  is connecting: poissonbgs to pyramidalcells.
Host 9  is connecting: pyramidalcells to axoaxoniccells.
Host 8  is connecting: pvbasketcells to pyramidalcells.
Host 8  is connecting: poissonbgs to pyramidalcells.
Host 9  is connecting: axoaxoniccells to axoaxoniccells.
Host 9  is connecting: pvbasketcells to axoaxoniccells.
Host 9  is connecting: poissonbgs to axoaxoniccells.
Host 5  is connecting: pvbasketcells to pyramidalcells.
Host 5  is connecting: poissonbgs to pyramidalcells.
Host 8  is connecting: pyramidalcells to axoaxoniccells.
Host 5  is connecting: pyramidalcells to axoaxoniccells.
Host 8  is connecting: axoaxoniccells to Host 9  is connecting: pyramidalcells to pvbasketcells.
Host 9  is connecting: axoaxoniccells to pvbasketcells.
Host Host 5  is connecting: axoaxoniccells to axoaxoniccells.
Host 5  is connecting: pvbasketcells to axoaxoniccells.
Host 5  is connecting: poissonbgs to axoaxoniccells.
axoaxoniccells.
Host 8  is connecting: pvbasketcells to axoaxoniccells.
Host 8  is connecting: poissonbgs to axoaxoniccells.
9  is connecting: pvbasketcells to pvbasketcells.
Host 9  is connecting: poissonbgs to pvbasketcells.
Host 9  is connecting: pyramidalcells to poissonbgs.
Host 9  is connecting: axoaxoniccells to poissonbgs.
Host 2  is connecting: pyramidalcells to pyramidalcells.
Host 2  is connecting: axoaxoniccells to pyramidalcells.
Host 4  is connecting: pyramidalcells to pyramidalcells.
Host 4  is connecting: axoaxoniccells to pyramidalcells.
Host 9  is connecting: pvbasketcells to poissonbgs.
Host 9  is connecting: poissonbgs to poissonbgs.
Host 9  connected cells.
Host 5  is connecting: pyramidalcells to pvbasketcells.
Host 5  is connecting: axoaxoniccells to pvbasketcells.
Host 5  is connecting: pvbasketcells to pvbasketcells.
Host 5  is connecting: poissonbgs to pvbasketcells.Host 8  is connecting: pyramidalcells to pvbasketcells.
Host 8  is connecting: axoaxoniccells to pvbasketcells.
Host 8  is connecting: pvbasketcells to pvbasketcells.
Host 8  is connecting: poissonbgs to pvbasketcells.
Host Host 2  is connecting: pvbasketcells to pyramidalcells.
Host 2  is connecting: poissonbgs to pyramidalcells.
Host 4  is connecting: pvbasketcells to pyramidalcells.
Host 4  is connecting: poissonbgs to pyramidalcells.

Host 5  is connecting: pyramidalcells to poissonbgs.
Host 5  is connecting: axoaxoniccells to poissonbgs.
Host 5  is connecting: pvbasketcells to poissonbgs.
Host 5  is connecting: poissonbgs to poissonbgs.
Host 5  connected cells.
8  is connecting: pyramidalcells to poissonbgs.
Host 8  is connecting: axoaxoniccells to poissonbgs.
Host 8  is connecting: pvbasketcells to poissonbgs.
Host 8  is connecting: poissonbgs to poissonbgs.
Host 8  connected cells.
Host 2  is connecting: pyramidalcells to axoaxoniccells.
Host 4  is connecting: pyramidalcells to axoaxoniccells.
Host 2  is connecting: axoaxoniccells to axoaxoniccells.
Host 2  is connecting: pvbasketcells to axoaxoniccells.
Host 4  is connecting: axoaxoniccells to axoaxoniccells.
Host 4  is connecting: pvbasketcells to axoaxoniccells.
Host 2  is connecting: poissonbgs to axoaxoniccells.
Host 4  is connecting: poissonbgs to axoaxoniccells.
Host 3  is connecting: pyramidalcells to Host 7  is connecting: pyramidalcells to pyramidalcells.
pyramidalcells.
Host 3 Host 7  is connecting:  is connecting: axoaxoniccells to pyramidalcells.axoaxoniccells to pyramidalcells.

Host 2  is connecting: pyramidalcells to pvbasketcells.
Host 4  is connecting: pyramidalcells to pvbasketcells.
Host 4  is connecting: axoaxoniccells to pvbasketcells.Host 2  is connecting: axoaxoniccells to pvbasketcells.

Host 4  is connecting: pvbasketcells to pvbasketcells.
Host 2  is connecting: pvbasketcells to pvbasketcellHost 4  is connecting: poissonbgs to pvbasketcells.
s.
Host 2 Host 4  is connecting: pyramidalcells to poissonbgs.
 is connecting: poissonbgs to pvbasketcells.
Host 4  is connecting: axoaxoniccells to poissonbgs.
Host 2 Host 4  is connecting: pvbasketcells to poissonbgs.
Host  is connecting: pyramidalcells to poissonbgs.
Host Host 4  is connecting: poissonbgs to poissonbgs.
Host 4  connected cells.
Host 6  is connecting: pyramidalcells to pyramidalcells.
1  is connecting: pyramidalcells to pyramidalcells.
Host 2  is connecting: axoaxoniccells to poissonbgs.
Host 2 Host 6  is connecting: axoaxoniccells to pyramidalcell1  is connecting: axoaxoniccells to pyramidalcells.
 is connecting: pvbasketcells to poissonbgs.
Host s.
2  is connecting: poissonbgs to poissonbgs.
Host 2  connected cells.
Host 3  is connecting: pvbasketcells to pyramidalcells.
Host 7  is connecting: pvbasketcells to pyramidalcells.
Host 3  is connecting: Host 7  is connecting: poissonbgpoissonbgs to pyramidalcells.
s to pyramidalcells.
Host 3 Host 7  is connecting: pyramidalcell is connecting: pyramidalcells to axoaxoniccells.s to axoaxoniccells.

Host 6  is connecting: pvbasketcells to pyramidalcells.
Host 6  is connecting: poissonbgs to pyramidalcells.
Host 1  is connecting: pvbasketcells to pyramidalcells.
Host 3 Host 1  is connecting:  is connecting: axoaxoniccells to axoaxoniccellHost 6  is connecting: pyramidalcells to axoaxoniccellpoissonbgs to pyramidalcells.
s.
Host s.
Host 7  is connecting: axoaxoniccells to axoaxoniccell3  is connecting: pvbasketcells to axoaxoniccells.s.
Host 1 
Host 3 Host 7  is connecting: pvbasketcells to  is connecting: pyramidalcells to axoaxoniccells.
 is connecting: poissonbgs to axoaxoniccells.
axoaxoniccells.
Host 7  is connecting: poissonbgs to axoaxoniccells.
Host 6  is connecting: axoaxoniccells to axoaxoniccells.
Host 6  is connecting: pvbasketcells to axoaxoniccells.
Host 6  is connecting: poissonbgs to axoaxoniccells.
Host 1  is connecting: axoaxoniccells to axoaxoniccells.
Host Host 1  is connecting: pvbasketcell3  is connecting: pyramidalcells to pvbasketcellHost 7  is connecting: s to axoaxoniccells.
s.
Host pyramidalcells to pvbasketcells.
Host 1  is connecting: poissonbgs to 3  is connecting: axoaxoniccells to pvbasketcells.Host 7  is connecting: axoaxoniccellaxoaxoniccells.

Host 3 s to pvbasketcells.
 is connecting: pvbasketcells to pvbasketcellHost 7  is connecting: pvbasketcells.
Host s to pvbasketcells.
3  is connecting: poissonbgHost 7  is connecting: s to pvbasketcells.
poissonbgs to pvbasketcells.
Host 3  is connecting: pyramidalcells to poissonbgHost 7  is connecting: pyramidalcells to poissonbgs.
s.
Host Host 7 3  is connecting: axoaxoniccells to poissonbg is connecting: axoaxoniccells to poissonbgs.s.

Host Host 3  is connecting: pvbasketcell7  is connecting: pvbasketcells to s to poissonbgs.
poissonbgs.
Host 3 Host 7  is connecting:  is connecting: poissonbgs to poissonbgpoissonbgs to poissonbgs.
s.
Host Host 6  is connecting: Host 7  connected cells.
3  connected cells.
pyramidalcells to pvbasketcells.
Host 6  is connecting: axoaxoniccells to pvbasketcells.
Host 1  is connecting: Host 6 pyramidalcells to pvbasketcells. is connecting: pvbasketcells to pvbasketcells.
Host 
Host 6  is connecting: poissonbgs to pvbasketcells.1  is connecting: axoaxoniccells to pvbasketcells.

Host 1  is connecting: Host 6  is connecting: pyramidalcells to poissonbgs.pvbasketcells to pvbasketcells.

Host 6  is connecting: axoaxoniccells to poissonbgs.
Host 6  is connecting: pvbasketcells to poissonbgs.
Host 6  is connecting: poissonbgs to poissonbgHost 1  is connecting: poissonbgs to pvbasketcells.
Host 1  is connecting: pyramidalcells to poissonbgs.
Host 1  is connecting: axoaxoniccells to poissonbgs.
Host 1  is connecting: pvbasketcells to poissonbgs.s.
Host 6  connected cells.

Host 1  is connecting: poissonbgs to poissonbgs.
Host 1  connected cells.
Host 0  is connecting: pyramidalcells to pyramidalcells.
Host 0  is connecting: axoaxoniccells to pyramidalcells.
sh: topcmd.sh: No such file or directory
Host 0  is connecting: pvbasketcells to pyramidalcells.
Host 0  is connecting: poissonbgs to pyramidalcells.
Host 0  is connecting: pyramidalcells to axoaxoniccells.
sh: topcmd.sh: No such file or directory
Host 0  is connecting: axoaxoniccells to axoaxoniccells.
Host 0  is connecting: pvbasketcells to axoaxoniccells.
Host 0  is connecting: poissonbgs to axoaxoniccells.
sh: topcmd.sh: No such file or directory
Host 0  is connecting: pyramidalcells to pvbasketcells.
Host 0  is connecting: axoaxoniccells to pvbasketcells.
Host 0  is connecting: pvbasketcells to pvbasketcells.
Host 0  is connecting: poissonbgs to pvbasketcells.
Host 0  is connecting: pyramidalcells to poissonbgs.
Host 0  is connecting: axoaxoniccells to poissonbgs.
Host 0  is connecting: pvbasketcells to poissonbgs.
Host 0  is connecting: poissonbgs to poissonbgs.
Host 0  connected cells.

TIME HOST 0: 1.83 seconds (connected cells)
************

host 0 online before 
	23 

host 1 online before 
	23 

host 2 online before 
	23 

host 3 online before 
	23 

host 4 online before 
	23 

host 5 online before 
	23 

host 8 online before 
	23 

host 9 online before 
	23 

host 6 online before 
	23 

host 7 online before 
	23 
-490 
-490 
-490 
-490 
-490 
-490 
-490 
-490 
-490 
-480 
-480 
-490 
-480 
-470 
-480 
-480 
-480 
-470 
-470 
-480 
-470 
-480 
-480 
-460 
-460 
-470 
-480 
-470 
-460 
-460 
-450 
-470 
-450 
-470 
-470 
-450 
-460 
-460 
-450 
-440 
-440 
-470 
-460 
-440 
-460 
-430 
-460 
-430 
-450 
-450 
-440 
-460 
-420 
-450 
-420 
-430 
-430 
-440 
-440 
-450 
-410 
-450 
-420 
-410 
-430 
-430 
-450 
-420 
-400 
-440 
-400 
-410 
-420 
-410 
-430 
-420 
-440 
-390 
-390 
-400 
-440 
-440 
-410 
-400 
-380 
-420 
-380 
-390 
-410 
-430 
-400 
-370 
-370 
-380 
-390 
-410 
-430 
-400 
-420 
-430 
-360 
-360 
-390 
-380 
-400 
-370 
-390 
-420 
-410 
-350 
-420 
-350 
-380 
-370 
-340 
-390 
-360 
-400 
-340 
-370 
-410 
-360 
-410 
-380 
-350 
-330 
-330 
-360 
-380 
-340 
-390 
-370 
-400 
-350 
-320 
-400 
-320 
-330 
-350 
-360 
-380 
-310 
-340 
-390 
-390 
-310 
-320 
-370 
-340 
-300 
-350 
-370 
-330 
-300 
-380 
-380 
-310 
-290 
-330 
-340 
-290 
-360 
-320 
-360 
-300 
-370 
-370 
-280 
-320 
-280 
-310 
-330 
-290 
-270 
-350 
-350 
-270 
-360 
-360 
-310 
-280 
-300 
-260 
-320 
-260 
-300 
-350 
-350 
-270 
-340 
-340 
-290 
-250 
-250 
-310 
-260 
-290 
-330 
-280 
-240 
-240 
-340 
-330 
-340 
-250 
-230 
-230 
-270 
-300 
-320 
-280 
-240 
-330 
-330 
-220 
-320 
-260 
-220 
-270 
-310 
-290 
-230 
-210 
-210 
-250 
-220 
-320 
-300 
-310 
-320 
-260 
-200 
-280 
-200 
-240 
-210 
-190 
-250 
-190 
-300 
-270 
-310 
-310 
-200 
-230 
-290 
-180 
-240 
-180 
-190 
-260 
-290 
-220 
-170 
-300 
-300 
-230 
-170 
-180 
-280 
-250 
-160 
-280 
-210 
-170 
-160 
-220 
-150 
-240 
-290 
-290 
-270 
-200 
-160 
-270 
-150 
-140 
-210 
-230 
-260 
-190 
-280 
-140 
-280 
-130 
-150 
-200 
-220 
-260 
-130 
-140 
-250 
-120 
-270 
-180 
-270 
-210 
-190 
-130 
-120 
-110 
-240 
-260 
-250 
-260 
-180 
-170 
-110 
-200 
-120 
-230 
-100 
-250 
-250 
-110 
-170 
-160 
-100 
-190 
-240 
-220 
-100 
-160 
-240 
-150 
-240 
-180 
-210 
-150 
-230 
-140 
-230 
-170 
-230 
-140 
-130 
-220 
-200 
-220 
-160 
-220 
-130 
-120 
-210 
-190 
-210 
-150 
-210 
-120 
-140 
-200 
-180 
-200 
-110 
-200 
-110 
-130 
-170 
-190 
-100 
-190 
-190 
-100 
-120 
-160 
-180 
-180 
-180 
-110 
-150 
-170 
-170 
-170 
-160 
-150 
-140 
-130 
-120 
-160 
-150 
-140 
-130 
-120 
-160 
-150 
-140 
-130 
-120 
-110 
-100 
-140 
-130 
-120 
-110 
-100 
-100 
-110 
-110 
-100 
-100 
100 ms interval at t=100 ms was 2.4 s
100 ms interval at t=200 ms was 2.35 s
100 ms interval at t=300 ms was 2.3 s
100 ms interval at t=400 ms was 2.38 s
100 ms interval at t=500 ms was 2.36 s
100 ms interval at t=600 ms was 2.37 s
100 ms interval at t=700 ms was 2.32 s
100 ms interval at t=800 ms was 2.36 s
100 ms interval at t=900 ms was 2.35 s
100 ms interval at t=1000 ms was 2.35 s
100 ms interval at t=1100 ms was 2.34 s
100 ms interval at t=1200 ms was 2.31 s
100 ms interval at t=1300 ms was 2.33 s
100 ms interval at t=1400 ms was 2.34 s
100 ms interval at t=1500 ms was 2.35 s
100 ms interval at t=1600 ms was 2.34 s
100 ms interval at t=1700 ms was 2.34 s
100 ms interval at t=1800 ms was 2.37 s
100 ms interval at t=1900 ms was 2.33 s
100 ms interval at t=2000 ms was 2.32 s

TIME HOST 0: 46.88 seconds (ran simulation)
************
load_balance = 0.988
exchange_time = 0.18 ms
****
TIME SUMMARY for host 0
set up in 1.42 seconds
created cells in 0.0400002 seconds
connected cells in 1.83 seconds
ran simulation in 46.88 seconds
wrote results in 26.19 seconds
TOTAL TIME   = 76.89 seconds
ALLOTTED TIME = 14400 seconds
************
This run is called: testrun_10
************
