Starting model at Mon May 28 19:46:16 CEST 2018
numprocs=10
NEURON -- VERSION 7.5 master (6b4c19f) 2017-09-25
Duke, Yale, and the BlueBrain Project -- Copyright 1984-2016
See http://neuron.yale.edu/neuron/credits

Additional mechanisms from files
 cadyn.mod capool.mod ch_CavL.mod ch_CavN.mod ch_HCN.mod ch_HCNolm.mod ch_HCNp.mod ch_KCaS.mod ch_Kdrfast.mod ch_Kdrfastngf.mod ch_Kdrp.mod ch_Kdrslow.mod ch_KvAdistp.mod ch_KvA.mod ch_KvAngf.mod ch_KvAolm.mod ch_KvAproxp.mod ch_KvCaB.mod ch_KvGroup.mod ch_KvM.mod ch_leak.mod ch_Navaxonp.mod ch_Navbis.mod ch_Navcck.mod ch_Nav.mod ch_Navngf.mod ch_Navp.mod ExpGABAab.mod fastconn.mod h.mod iconc_Ca.mod im.mod kaprox.mod kdrca1.mod kv.mod leak.mod MyExp2Sid.mod MyExp2Sidnw.mod mynetstim.mod na12.mod na16.mod na3DA.mod na3.mod nainter.mod nap.mod nat.mod positionfcns.mod repeatconn.mod sahp.mod sgate.mod SIN.mod xtra.mod
Note, there was no axonal distribution file for poissonbg
Note, there was no axonal distribution file for poissonbg
Note, there was no axonal distribution file for poissonbg
Note, there was no axonal distribution file for poissonbg
Note, there was no axonal distribution file for poissonbg
Note, there was no axonal distribution file for poissonbg
Note, there was no axonal distribution file for poissonbg
Note, there was no axonal distribution file for poissonbg
Note, there was no axonal distribution file for poissonbg
Note, there was no axonal distribution file for poissonbg
direx: c7eb9137-fb24-4858-a642-5ba945ca2eb5

sh: git: command not found
sh: git: command not found
sh: git: command not found
Host 8  created cells.
Host 5  created cells.
Host 4  created cells.
Host 2  created cells.
Host 3  created cells.
Host 1  created cells.
Host 6  created cells.
Host 7  created cells.
Host 9  created cells.

TIME HOST 0: 1.4 seconds (set up)
************
Host 0  created cells.

TIME HOST 0: 0.03 seconds (created cells)
************
Host 8  is connecting: pyramidalcells to pyramidalcells.
Host 8  is connecting: axoaxoniccells to pyramidalcells.
Host 3  is connecting: pyramidalcells to pyramidalcells.
Host 3  is connecting: axoaxoniccells to pyramidalcells.
Host 5  is connecting: pyramidalcells to pyramidalcells.
Host 5  is connecting: axoaxoniccells to pyramidalcells.
Host 2  is connecting: pyramidalcellHost 6  is connecting: pyramidalcells to pyramidalcells.
Host 6  is connecting: axoaxoniccells to pyramidalcells.
s to pyramidalcells.
Host 2  is connecting: axoaxoniccells to pyramidalcells.
Host 1 Host 8  is connecting: pvbasketcells to pyramidalcells.
Host 8  is connecting: pyramidalcells to pyramidalcells.
Host 1  is connecting: axoaxoniccells to pyramidalcells.
Host 3  is connecting: pvbasketcells to pyramidalcells.
Host 3  is connecting: poissonbg is connecting: poissonbgs to pyramidalcells.
Host 8  is connecting: pyramidalcells to axoaxoniccells.
s to pyramidalcells.
Host 3  is connecting: pyramidalcells to Host 4  is connecting: pyramidalcells to pyramidalcells.
Host 4 Host 5  is connecting: pvbasketcells to pyramidalcells.
Host 5  is connecting: poissonbgs to pyramidalcells.
Host axoaxoniccells.
 is connecting: axoaxoniccells to pyramidalcells.
5  is connecting: pyramidalcells to axoaxoniccells.
Host 6  is connecting: pvbasketcells to pyramidalcells.
Host 6 Host 8  is connecting: axoaxoniccells to axoaxoniccells.
Host 8  is connecting: pvbasketcells to axoaxoniccellHost 2  is connecting: pvbasketcells to pyramidalcells.
Host 3  is connecting: axoaxoniccells to axoaxoniccells.
 is connecting: poissonbgs to pyramidalcells.
s.
Host 8  is connecting: poissonbgs to axoaxoniccells.
Host 2  is connecting: poissonbgs to pyramidalcells.
Host 2  is connecting: pyramidalcells to axoaxoniccells.
Host 3  is connecting: pvbasketcells to axoaxoniccells.
Host 3  is connecting: poissonbgs to axoaxoniccells.
Host 5  is connecting: axoaxoniccells to axoaxoniccells.
Host 5  is connecting: pvbasketcells to axoaxoniccells.
Host 5  is connecting: poissonbgs to axoaxoniccells.
Host 6  is connecting: pyramidalcells to axoaxoniccells.
Host 6  is connecting: axoaxoniccells to axoaxoniccells.
Host 6  is connecting: pvbasketcells to axoaxoniccells.
Host 6  is connecting: poissonbgs to axoaxoniccells.
Host 1  is connecting: pvbasketcells to pyramidalcells.
Host 1  is connecting: poissonbgs to pyramidalcells.
Host 1  is connecting: pyramidalcells to axoaxoniccells.
Host 2  is connecting: axoaxoniccells to axoaxoniccells.
Host 2  is connecting: pvbasketcells to axoaxoniccells.
Host 2  is connecting: poissonbgs to axoaxoniccells.
Host 4  is connecting: pvbasketcellHost 1  is connecting: Host 3  is connecting: pyramidalcells to pvbasketcells.
s to pyramidalcells.
Host 4  is connecting: poissonbgs to pyramidalcells.Host 8  is connecting: pyramidalcells to pvbasketcells.
Host 8  is connecting: axoaxoniccellaxoaxoniccells to axoaxoniccells.
Host 1  is connecting: pvbasketcells to axoaxoniccells.
Host 3  is connecting: axoaxoniccells to pvbasketcells.
Host 3  is connecting: 
Host 4 Host 5  is connecting: pyramidalcells to pvbasketcells.
Host 5  is connecting: axoaxoniccells to s to pvbasketcells.
Host 8  is connecting: pvbasketcells to pvbasketcells.
Host 8  is connecting: Host 1  is connecting: poissonbgs to axoaxoniccells.
pvbasketcells to pvbasketcells.
Host 3  is connecting: poissonbgs to pvbasketcells.
Host  is connecting: pyramidalcells to axoaxoniccells.
pvbasketcells.
Host 5  is connecting: pvbasketcells to pvbasketcells.
Host 5  is connecting: poissonbgs to pvbasketcellpoissonbgs to pvbasketcells.
Host 8  is connecting: pyramidalcells to poissonbgs.
3  is connecting: pyramidalcells to poissonbgs.
Host 3  is connecting: axoaxoniccells to poissonbgs.
Host 5  is connecting: pyramidalcells to poissonbgHost 6  is connecting: pyramidalcells to pvbasketcells.
Host 6  is connecting: axoaxoniccells to pvbasketcells.Host 8  is connecting: axoaxoniccells to poissonbgs.
Host 8  is connecting: pvbasketcellHost 2  is connecting: pyramidalcells to pvbasketcells.
Host s.
Host 3  is connecting: pvbasketcells to poissonbgs.
Host 3  is connecting: poissonbgs to Host 4  is connecting: axoaxoniccells to axoaxoniccells.
Host 4  is connecting: pvbasketcells to axoaxoniccells.
Host 4  is connecting: s.
Host 5  is connecting: axoaxoniccells to poissonbgs.
Host 5  is connecting: pvbasketcells to poissonbgs.

Host 6  is connecting: pvbasketcells to pvbasketcells.
Host 6  is connecting: poissonbgs to pvbasketcells.
s to poissonbgs.
Host 8  is connecting: poissonbgs to poissonbgs.
Host 8  connected cells.
2  is connecting: axoaxoniccells to pvbasketcells.
Host 2  is connecting: pvbasketcells to pvbasketcells.
Host 2 poissonbgs.
Host 3  connected cells.
poissonbgs to axoaxoniccells.
Host 5  is connecting: poissonbgs to poissonbgs.
Host 5  connected cells.
Host 6  is connecting: pyramidalcells to poissonbgs.
Host 6  is connecting: axoaxoniccells to poissonbgs.
 is connecting: poissonbgs to pvbasketcells.
Host 2  is connecting: pyramidalcells to poissonbgs.
Host 6  is connecting: pvbasketcells to poissonbgs.
Host 1  is connecting: pyramidalcells to pvbasketcells.
Host 2  is connecting: axoaxoniccells to poissonbgs.
Host Host 6  is connecting: poissonbgs to poissonbgs.
Host Host 1  is connecting: axoaxoniccells to pvbasketcells.
2  is connecting: pvbasketcells to poissonbgs.
6  connected cells.
Host 1  is connecting: pvbasketcells to pvbasketcells.Host 2  is connecting: poissonbgs to poissonbgs.

Host 1  is connecting: Host 2  connected cells.
poissonbgs to pvbasketcells.
Host 1  is connecting: pyramidalcells to poissonbgs.
Host 1  is connecting: axoaxoniccells to poissonbgs.
Host 4 Host 1  is connecting: pvbasketcells to poissonbg is connecting: pyramidalcells to pvbasketcells.
s.
Host 1 Host 4  is connecting: axoaxoniccells to  is connecting: poissonbgs to poissonbgs.
Host pvbasketcells.
Host 1  connected cells.
4  is connecting: pvbasketcells to pvbasketcells.
Host 4  is connecting: poissonbgs to pvbasketcells.
Host 4  is connecting: pyramidalcells to poissonbgs.
Host 4  is connecting: axoaxoniccells to poissonbgs.
Host 4  is connecting: pvbasketcells to poissonbgs.
Host 4  is connecting: poissonbgs to poissonbgs.
Host 4  connected cells.
Host 7  is connecting: pyramidalcells to pyramidalcells.
Host 9  is connecting: pyramidalcells to pyramidalcells.
Host Host 7  is connecting: axoaxoniccells to pyramidalcells.
9  is connecting: axoaxoniccells to pyramidalcells.
Host 9  is connecting: pvbasketcells to pyramidalcells.
Host 7  is connecting: pvbasketcells to pyramidalcells.
Host Host 9  is connecting: poissonbgs to pyramidalcells.
7  is connecting: poissonbgs to pyramidalcells.
Host 7  is connecting: pyramidalcellHost 9  is connecting: pyramidalcells to axoaxoniccells to axoaxoniccells.
s.
Host 7  is connecting: axoaxoniccells to axoaxoniccells.
Host 7 Host 9  is connecting:  is connecting: pvbasketcells to axoaxoniccells.
Host 7  is connecting: poissonbgaxoaxoniccells to axoaxoniccells.
Host s to axoaxoniccells.
9  is connecting: pvbasketcells to axoaxoniccells.
Host 9  is connecting: poissonbgs to axoaxoniccells.
Host 7  is connecting: pyramidalcells to pvbasketcells.
Host 7  is connecting: axoaxoniccells to pvbasketcells.
Host 7  is connecting: pvbasketcells to pvbasketcells.
Host 7  is connecting: poissonbgs to pvbasketcells.
Host 7 Host 9  is connecting: pyramidalcells to pvbasketcells.
 is connecting: pyramidalcells to poissonbgs.
Host 7  is connecting: Host 9  is connecting: axoaxoniccells to pvbasketcellaxoaxoniccells to poissonbgs.
Host 7  is connecting: pvbasketcells to s.
Host 9 poissonbgs.
Host 7  is connecting: poissonbgs to poissonbg is connecting: pvbasketcells to pvbasketcells.
s.
Host 7  connected cells.
Host 9  is connecting: poissonbgs to pvbasketcells.
Host 9  is connecting: pyramidalcells to poissonbgs.
Host 9  is connecting: axoaxoniccells to poissonbgs.
Host 9  is connecting: pvbasketcells to poissonbgs.
Host 9  is connecting: poissonbgs to poissonbgs.
Host 9  connected cells.
Host 0  is connecting: pyramidalcells to pyramidalcells.
Host 0  is connecting: axoaxoniccells to pyramidalcells.
sh: topcmd.sh: No such file or directory
Host 0  is connecting: pvbasketcells to pyramidalcells.
Host 0  is connecting: poissonbgs to pyramidalcells.
Host 0  is connecting: pyramidalcells to axoaxoniccells.
sh: topcmd.sh: No such file or directory
Host 0  is connecting: axoaxoniccells to axoaxoniccells.
Host 0  is connecting: pvbasketcells to axoaxoniccells.
Host 0  is connecting: poissonbgs to axoaxoniccells.
sh: topcmd.sh: No such file or directory
Host 0  is connecting: pyramidalcells to pvbasketcells.
Host 0  is connecting: axoaxoniccells to pvbasketcells.
Host 0  is connecting: pvbasketcells to pvbasketcells.
Host 0  is connecting: poissonbgs to pvbasketcells.
Host 0  is connecting: pyramidalcells to poissonbgs.
Host 0  is connecting: axoaxoniccells to poissonbgs.
Host 0  is connecting: pvbasketcells to poissonbgs.
Host 0  is connecting: poissonbgs to poissonbgs.
Host 0  connected cells.

TIME HOST 0: 1.85 seconds (connected cells)
************

host 0 online before 
	23 

host 1 online before 
	23 

host 2 online before 
	23 

host 3 online before 
	23 

host 4 online before 
	23 

host 5 online before 
	23 

host 6 online before 
	23 

host 7 online before 
	23 

host 8 online before 
	23 

host 9 online before 
	23 
-490 
-490 
-490 
-490 
-490 
-490 
-490 
-490 
-490 
-490 
-480 
-480 
-480 
-480 
-480 
-480 
-480 
-480 
-470 
-470 
-480 
-470 
-480 
-470 
-470 
-470 
-470 
-470 
-460 
-460 
-460 
-470 
-470 
-460 
-450 
-450 
-460 
-460 
-460 
-460 
-450 
-440 
-450 
-440 
-440 
-450 
-450 
-450 
-460 
-460 
-450 
-430 
-440 
-430 
-430 
-440 
-440 
-440 
-440 
-450 
-450 
-420 
-430 
-420 
-420 
-430 
-430 
-430 
-430 
-410 
-410 
-440 
-410 
-440 
-420 
-420 
-420 
-420 
-400 
-400 
-410 
-420 
-400 
-410 
-410 
-430 
-430 
-410 
-390 
-390 
-400 
-390 
-410 
-400 
-400 
-400 
-380 
-420 
-420 
-380 
-380 
-390 
-390 
-390 
-390 
-400 
-370 
-370 
-370 
-380 
-410 
-410 
-390 
-360 
-380 
-360 
-360 
-380 
-380 
-370 
-400 
-400 
-370 
-380 
-350 
-350 
-350 
-370 
-370 
-360 
-340 
-340 
-340 
-360 
-370 
-360 
-360 
-390 
-390 
-350 
-330 
-330 
-360 
-330 
-350 
-350 
-350 
-380 
-340 
-320 
-380 
-320 
-340 
-350 
-320 
-340 
-340 
-310 
-310 
-370 
-330 
-310 
-330 
-340 
-370 
-330 
-330 
-300 
-300 
-320 
-300 
-360 
-320 
-330 
-320 
-320 
-310 
-290 
-290 
-360 
-290 
-350 
-310 
-320 
-280 
-280 
-280 
-300 
-310 
-310 
-340 
-300 
-310 
-350 
-270 
-270 
-300 
-270 
-290 
-300 
-290 
-300 
-330 
-260 
-260 
-260 
-290 
-340 
-280 
-290 
-280 
-290 
-320 
-250 
-250 
-250 
-280 
-270 
-280 
-330 
-270 
-280 
-240 
-310 
-260 
-270 
-240 
-240 
-270 
-260 
-270 
-230 
-230 
-230 
-300 
-260 
-250 
-260 
-320 
-220 
-220 
-250 
-260 
-220 
-250 
-290 
-240 
-210 
-210 
-250 
-210 
-240 
-250 
-310 
-230 
-240 
-240 
-230 
-240 
-200 
-200 
-200 
-280 
-230 
-220 
-190 
-190 
-230 
-190 
-220 
-230 
-300 
-220 
-180 
-180 
-180 
-210 
-210 
-220 
-220 
-270 
-210 
-170 
-170 
-170 
-200 
-210 
-200 
-210 
-290 
-160 
-200 
-160 
-160 
-190 
-200 
-190 
-200 
-150 
-150 
-150 
-260 
-180 
-190 
-190 
-190 
-280 
-180 
-140 
-140 
-140 
-180 
-180 
-170 
-250 
-170 
-180 
-130 
-130 
-170 
-270 
-130 
-160 
-170 
-160 
-170 
-120 
-120 
-240 
-160 
-120 
-150 
-160 
-260 
-110 
-110 
-150 
-110 
-230 
-150 
-160 
-150 
-140 
-250 
-100 
-100 
-100 
-140 
-140 
-220 
-130 
-150 
-140 
-240 
-130 
-140 
-130 
-120 
-130 
-230 
-210 
-120 
-110 
-130 
-120 
-120 
-220 
-200 
-110 
-120 
-110 
-100 
-110 
-110 
-100 
-100 
-210 
-190 
-100 
-100 
-200 
-180 
-170 
-190 
-160 
-180 
-150 
-170 
-140 
-160 
-130 
-150 
-120 
-140 
-110 
-130 
-100 
-120 
-110 
-100 
100 ms interval at t=100 ms was 2.29 s
100 ms interval at t=200 ms was 2.35 s
100 ms interval at t=300 ms was 2.36 s
100 ms interval at t=400 ms was 2.35 s
100 ms interval at t=500 ms was 2.36 s
100 ms interval at t=600 ms was 2.35 s
100 ms interval at t=700 ms was 2.34 s
100 ms interval at t=800 ms was 2.35 s
100 ms interval at t=900 ms was 2.35 s
100 ms interval at t=1000 ms was 2.36 s
100 ms interval at t=1100 ms was 2.35 s
100 ms interval at t=1200 ms was 2.35 s
100 ms interval at t=1300 ms was 2.36 s
100 ms interval at t=1400 ms was 2.34 s
100 ms interval at t=1500 ms was 2.35 s
100 ms interval at t=1600 ms was 2.35 s
100 ms interval at t=1700 ms was 2.35 s
100 ms interval at t=1800 ms was 2.36 s
100 ms interval at t=1900 ms was 2.35 s
100 ms interval at t=2000 ms was 2.36 s

TIME HOST 0: 46.94 seconds (ran simulation)
************
load_balance = 0.984
exchange_time = 0.10 ms
****
TIME SUMMARY for host 0
set up in 1.4 seconds
created cells in 0.03 seconds
connected cells in 1.85 seconds
ran simulation in 46.94 seconds
wrote results in 26.13 seconds
TOTAL TIME   = 76.87 seconds
ALLOTTED TIME = 14400 seconds
************
This run is called: testrun_07
************
