Starting model at Mon May 28 19:43:05 CEST 2018
numprocs=10
NEURON -- VERSION 7.5 master (6b4c19f) 2017-09-25
Duke, Yale, and the BlueBrain Project -- Copyright 1984-2016
See http://neuron.yale.edu/neuron/credits

Additional mechanisms from files
 cadyn.mod capool.mod ch_CavL.mod ch_CavN.mod ch_HCN.mod ch_HCNolm.mod ch_HCNp.mod ch_KCaS.mod ch_Kdrfast.mod ch_Kdrfastngf.mod ch_Kdrp.mod ch_Kdrslow.mod ch_KvAdistp.mod ch_KvA.mod ch_KvAngf.mod ch_KvAolm.mod ch_KvAproxp.mod ch_KvCaB.mod ch_KvGroup.mod ch_KvM.mod ch_leak.mod ch_Navaxonp.mod ch_Navbis.mod ch_Navcck.mod ch_Nav.mod ch_Navngf.mod ch_Navp.mod ExpGABAab.mod fastconn.mod h.mod iconc_Ca.mod im.mod kaprox.mod kdrca1.mod kv.mod leak.mod MyExp2Sid.mod MyExp2Sidnw.mod mynetstim.mod na12.mod na16.mod na3DA.mod na3.mod nainter.mod nap.mod nat.mod positionfcns.mod repeatconn.mod sahp.mod sgate.mod SIN.mod xtra.mod
Note, there was no axonal distribution file for poissonbg
Note, there was no axonal distribution file for poissonbg
Note, there was no axonal distribution file for poissonbg
Note, there was no axonal distribution file for poissonbg
Note, there was no axonal distribution file for poissonbg
Note, there was no axonal distribution file for poissonbg
Note, there was no axonal distribution file for poissonbg
Note, there was no axonal distribution file for poissonbg
Note, there was no axonal distribution file for poissonbg
Note, there was no axonal distribution file for poissonbg
direx: d127b5f8-d1e6-4b6c-b3f1-d4bd2db597fb

sh: git: command not found
sh: git: command not found
sh: git: command not found
Host 5  created cells.
Host 8  created cells.
Host 1  created cells.
Host 2  created cells.
Host Host 6  created cells.
Host 9  created cells.
4  created cells.
Host 3  created cells.
Host 7  created cells.

TIME HOST 0: 1.28 seconds (set up)
************
Host 0  created cells.

TIME HOST 0: 0.0400002 seconds (created cells)
************
Host 1  is connecting: pyramidalcells to pyramidalcells.
Host 1  is connecting: axoaxoniccells to pyramidalcells.
Host 4  is connecting: pyramidalcells to pyramidalcells.
Host 4  is connecting: axoaxoniccells to pyramidalcells.
Host 5  is connecting: pyramidalcells to pyramidalcells.
Host 5  is connecting: axoaxoniccellHost 8  is connecting: pyramidalcells to pyramidalcells.
Host 8  is connecting: axoaxoniccells to pyramidalcells.
Host 9  is connecting: pyramidalcells to pyramidalcells.
Host 9  is connecting: axoaxoniccells to pyramidalcells.
Host 2  is connecting: pyramidalcells to pyramidalcells.
Host 2  is connecting: axoaxoniccells to pyramidalcells.
s to pyramidalcells.
Host 6  is connecting: pyramidalcells to pyramidalcells.
Host 6  is connecting: axoaxoniccells to pyramidalcells.
Host 4  is connecting: pvbasketcells to pyramidalcells.
Host 1  is connecting: pvbasketcells to pyramidalcells.
Host 1  is connecting: poissonbgs to pyramidalcells.
Host 4  is connecting: poissonbgs to pyramidalcells.
Host 4  is connecting: pyramidalcells to axoaxoniccells.
Host 5  is connecting: pvbasketcells to pyramidalcells.
Host 5  is connecting: poissonbgs to pyramidalcells.
Host 8  is connecting: pvbasketcells to pyramidalcells.
Host 8  is connecting: poissonbgs to pyramidalcells.
Host 8  is connecting: pyramidalcells to axoaxoniccells.
Host 9  is connecting: pvbasketcells to pyramidalcells.
Host 9  is connecting: poissonbgs to pyramidalcells.
Host 9  is connecting: pyramidalcells to axoaxoniccells.
Host Host 1  is connecting: pyramidalcells to axoaxoniccells.
Host 1  is connecting: axoaxoniccells to axoaxoniccells.
Host 2  is connecting: pvbasketcells to pyramidalcells.
Host 2  is connecting: poissonbgs to pyramidalcells.
Host 2  is connecting: pyramidalcells to axoaxoniccells.
Host 4  is connecting: axoaxoniccells to axoaxoniccells.
Host 4  is connecting: pvbasketcells to axoaxoniccells.
Host 4  is connecting: poissonbgs to axoaxoniccells.
Host 5  is connecting: pyramidalcells to axoaxoniccells.
Host 5  is connecting: axoaxoniccells to axoaxoniccells.
Host 5  is connecting: pvbasketcells to axoaxoniccells.
Host 5  is connecting: poissonbgs to axoaxoniccells.
Host 6  is connecting: pvbasketcells to pyramidalcells.
Host 6  is connecting: poissonbgs to pyramidalcells.
Host 6  is connecting: pyramidalcells to axoaxoniccells.
Host 6  is connecting: axoaxoniccells to axoaxoniccells.
Host 6  is connecting: Host 8  is connecting: axoaxoniccells to axoaxoniccells.
Host 8  is connecting: pvbasketcells to axoaxoniccells.
Host 8  is connecting: poissonbgs to axoaxoniccells.
9  is connecting: axoaxoniccells to axoaxoniccells.
Host 9  is connecting: pvbasketcells to axoaxoniccells.
Host 9  is connecting: poissonbgs to axoaxoniccells.
Host 1  is connecting: pvbasketcells to axoaxoniccells.
Host 1  is connecting: poissonbgs to axoaxoniccells.
Host 2  is connecting: axoaxoniccells to axoaxoniccells.
Host 2  is connecting: pvbasketcells to axoaxoniccells.
Host 2  is connecting: poissonbgs to axoaxoniccells.
pvbasketcells to axoaxoniccells.
Host 6  is connecting: poissonbgs to axoaxoniccells.
Host 4  is connecting: pyramidalcells to pvbasketcells.
Host 8  is connecting: pyramidalcells to pvbasketcells.
Host 8  is connecting: axoaxoniccellHost 9  is connecting: pyramidalcells to pvbasketcells.
Host 9  is connecting: axoaxoniccells to pvbasketcells.
Host 9  is connecting: pvbasketcells to pvbasketcells.
Host 1  is connecting: pyramidalcells to pvbasketcells.
Host 1  is connecting: axoaxoniccells to pvbasketcells.
Host 1  is connecting: Host 4  is connecting: axoaxoniccells to pvbasketcells.
Host 4  is connecting: pvbasketcells to pvbasketcells.
Host 4  is connecting: poissonbgs to pvbasketcells.
Host 4  is connecting: pyramidalcells to poissonbgs.
Host 5  is connecting: pyramidalcells to pvbasketcells.
Host 5  is connecting: axoaxoniccells to pvbasketcells.
Host 5  is connecting: pvbasketcells to pvbasketcells.
Host 5  is connecting: poissonbgs to pvbasketcells.
Host 5  is connecting: pyramidalcells to poissonbgs.
s to pvbasketcells.
Host 8  is connecting: pvbasketcells to pvbasketcells.
Host 8  is connecting: poissonbgs to pvbasketcells.
Host 8  is connecting: pyramidalcells to poissonbgs.
Host 8  is connecting: axoaxoniccells to poissonbgs.
Host 8  is connecting: pvbasketcells to poissonbgHost 9  is connecting: poissonbgs to pvbasketcells.
Host 9  is connecting: pyramidalcells to poissonbgs.
Host 9  is connecting: axoaxoniccells to poissonbgs.
Host 9  is connecting: pvbasketcells to poissonbgs.
Host 9  is connecting: poissonbgs to poissonbgs.
Host 9 pvbasketcells to pvbasketcells.
Host 1  is connecting: poissonbgs to pvbasketcells.
Host 1  is connecting: pyramidalcells to poissonbgs.
Host 1  is connecting: axoaxoniccells to poissonbgs.
Host 1  is connecting: pvbasketcells to poissonbgs.
Host 1  is connecting: poissonbgs to poissonbgs.Host 2  is connecting: pyramidalcells to pvbasketcells.
Host 2  is connecting: axoaxoniccells to pvbasketcells.
Host 2  is connecting: pvbasketcells to pvbasketcells.
Host 2  is connecting: poissonbgs to pvbasketcells.
Host 2  is connecting: pyramidalcells to poissonbgs.
Host 2  is connecting: axoaxoniccells to poissonbgs.
Host 2  is connecting: Host 4  is connecting: axoaxoniccells to poissonbgs.
Host 4  is connecting: pvbasketcells to poissonbgs.
Host 4  is connecting: poissonbgs to poissonbgs.
Host 4  connected cells.
Host 5  is connecting: axoaxoniccells to poissonbgs.
Host 5  is connecting: pvbasketcells to poissonbgs.
Host 5  is connecting: poissonbgs to poissonbgs.
Host 5  connected cells.
Host 6  is connecting: pyramidalcells to pvbasketcells.
Host 6  is connecting: axoaxoniccells to pvbasketcells.
Host 6  is connecting: pvbasketcells to pvbasketcells.
Host 6  is connecting: poissonbgs to pvbasketcells.
Host 6  is connecting: pyramidalcells to poissonbgs.
Host 6  is connecting: axoaxoniccells to poissonbgs.
Host 6  is connecting: pvbasketcells to poissonbgs.
Host 6  is connecting: poissonbgs to poissonbgs.
Host 6  connected cells.
s.
Host 8  is connecting: poissonbgs to poissonbgs.
Host 8  connected cells.
 connected cells.

Host 1  connected cells.
pvbasketcells to poissonbgs.
Host 2  is connecting: poissonbgs to poissonbgs.
Host 2  connected cells.
Host 3  is connecting: pyramidalcells to pyramidalcells.
Host 7  is connecting: pyramidalcells to pyramidalcells.
Host 7  is connecting: axoaxoniccells to pyramidalcells.
Host 3  is connecting: axoaxoniccells to pyramidalcells.
Host 3  is connecting: pvbasketcells to pyramidalcellHost 7  is connecting: pvbasketcells to pyramidalcells.
s.
Host 3  is connecting: poissonbgs to Host 7  is connecting: poissonbgs to pyramidalcells.
pyramidalcells.
Host 7  is connecting: pyramidalcells to axoaxoniccellHost 3 s.
 is connecting: pyramidalcells to axoaxoniccells.
Host 7  is connecting: axoaxoniccells to axoaxoniccells.
Host 7  is connecting: pvbasketcells to axoaxoniccells.
Host 3  is connecting: axoaxoniccells to Host 7  is connecting: poissonbgs to axoaxoniccells.
axoaxoniccells.
Host 3  is connecting: pvbasketcells to axoaxoniccells.
Host 3  is connecting: poissonbgs to axoaxoniccells.
Host 7  is connecting: pyramidalcells to pvbasketcells.
Host 7  is connecting: axoaxoniccells to pvbasketcells.
Host 7  is connecting: pvbasketcells to pvbasketcells.
Host 7  is connecting: poissonbgs to pvbasketcells.
Host 7  is connecting: pyramidalcells to poissonbgs.
Host Host 3  is connecting: pyramidalcells to 7  is connecting: axoaxoniccells to poissonbgs.
Host 7 pvbasketcells.
Host  is connecting: pvbasketcells to poissonbgs.
Host 7 3  is connecting: axoaxoniccells to pvbasketcells.
 is connecting: poissonbgs to poissonbgs.
Host 7  connected cells.Host 3  is connecting: pvbasketcells to 
pvbasketcells.
Host 3  is connecting: poissonbgs to pvbasketcells.
Host 3  is connecting: pyramidalcells to poissonbgs.
Host 3  is connecting: axoaxoniccells to poissonbgs.
Host 3  is connecting: pvbasketcells to poissonbgs.
Host 3  is connecting: poissonbgs to poissonbgs.
Host 3  connected cells.
Host 0  is connecting: pyramidalcells to pyramidalcells.
Host 0  is connecting: axoaxoniccells to pyramidalcells.
sh: topcmd.sh: No such file or directory
Host 0  is connecting: pvbasketcells to pyramidalcells.
Host 0  is connecting: poissonbgs to pyramidalcells.
Host 0  is connecting: pyramidalcells to axoaxoniccells.
sh: topcmd.sh: No such file or directory
Host 0  is connecting: axoaxoniccells to axoaxoniccells.
Host 0  is connecting: pvbasketcells to axoaxoniccells.
Host 0  is connecting: poissonbgs to axoaxoniccells.
sh: topcmd.sh: No such file or directory
Host 0  is connecting: pyramidalcells to pvbasketcells.
Host 0  is connecting: axoaxoniccells to pvbasketcells.
Host 0  is connecting: pvbasketcells to pvbasketcells.
Host 0  is connecting: poissonbgs to pvbasketcells.
Host 0  is connecting: pyramidalcells to poissonbgs.
Host 0  is connecting: axoaxoniccells to poissonbgs.
Host 0  is connecting: pvbasketcells to poissonbgs.
Host 0  is connecting: poissonbgs to poissonbgs.
Host 0  connected cells.

TIME HOST 0: 1.84 seconds (connected cells)
************

host 0 online before 
	23 

host 1 online before 
	23 

host 2 online before 
	23 

host 3 online before 
	23 

host 4 online before 
	23 

host 5 online before 
	23 

host 6 online before 
	23 

host 8 online before 
	23 

host 9 online before 
	23 

host 7 online before 
	23 
-490 
-490 
-490 
-490 
-490 
-490 
-490 
-490 
-490 
-490 
-480 
-480 
-480 
-480 
-480 
-480 
-480 
-480 
-480 
-480 
-470 
-470 
-470 
-470 
-470 
-460 
-460 
-470 
-460 
-470 
-470 
-470 
-470 
-460 
-460 
-450 
-450 
-460 
-460 
-460 
-450 
-460 
-460 
-450 
-450 
-440 
-440 
-450 
-440 
-450 
-450 
-450 
-440 
-440 
-450 
-430 
-430 
-440 
-430 
-440 
-440 
-430 
-430 
-440 
-440 
-420 
-420 
-430 
-420 
-420 
-430 
-430 
-420 
-410 
-410 
-430 
-420 
-420 
-430 
-410 
-410 
-420 
-410 
-400 
-400 
-400 
-410 
-420 
-400 
-410 
-410 
-400 
-390 
-390 
-390 
-400 
-390 
-410 
-400 
-400 
-380 
-380 
-420 
-390 
-380 
-380 
-390 
-400 
-390 
-370 
-370 
-390 
-370 
-380 
-370 
-380 
-390 
-380 
-410 
-360 
-360 
-380 
-360 
-360 
-370 
-370 
-350 
-350 
-380 
-370 
-370 
-350 
-350 
-400 
-360 
-340 
-340 
-360 
-360 
-340 
-370 
-360 
-340 
-330 
-330 
-350 
-330 
-350 
-350 
-350 
-360 
-390 
-330 
-320 
-320 
-320 
-340 
-340 
-340 
-350 
-340 
-320 
-310 
-310 
-310 
-380 
-330 
-330 
-330 
-310 
-330 
-300 
-340 
-300 
-300 
-320 
-320 
-320 
-300 
-290 
-330 
-320 
-290 
-370 
-290 
-310 
-290 
-280 
-310 
-310 
-280 
-320 
-310 
-280 
-270 
-300 
-280 
-270 
-300 
-300 
-360 
-300 
-310 
-270 
-260 
-290 
-270 
-260 
-290 
-290 
-300 
-260 
-290 
-250 
-250 
-260 
-350 
-280 
-280 
-250 
-280 
-280 
-240 
-290 
-250 
-240 
-270 
-270 
-240 
-230 
-270 
-340 
-270 
-280 
-240 
-230 
-260 
-230 
-260 
-220 
-220 
-260 
-230 
-260 
-270 
-250 
-220 
-330 
-250 
-210 
-210 
-250 
-220 
-250 
-260 
-210 
-240 
-200 
-200 
-210 
-240 
-240 
-320 
-240 
-250 
-200 
-190 
-230 
-200 
-230 
-190 
-230 
-190 
-230 
-240 
-220 
-190 
-180 
-180 
-220 
-220 
-180 
-310 
-220 
-170 
-170 
-230 
-210 
-180 
-210 
-210 
-170 
-160 
-160 
-170 
-210 
-220 
-200 
-200 
-300 
-150 
-150 
-200 
-160 
-190 
-160 
-200 
-210 
-190 
-140 
-140 
-150 
-190 
-150 
-180 
-190 
-200 
-180 
-130 
-130 
-290 
-140 
-140 
-180 
-170 
-180 
-120 
-120 
-130 
-170 
-190 
-130 
-170 
-280 
-160 
-110 
-110 
-180 
-120 
-120 
-160 
-170 
-160 
-100 
-100 
-150 
-110 
-110 
-150 
-160 
-170 
-270 
-150 
-100 
-100 
-140 
-140 
-150 
-160 
-140 
-130 
-130 
-140 
-260 
-150 
-130 
-120 
-120 
-130 
-140 
-120 
-250 
-110 
-110 
-120 
-130 
-110 
-100 
-100 
-240 
-110 
-120 
-100 
-100 
-230 
-110 
-220 
-100 
-210 
-200 
-190 
-180 
-170 
-160 
-150 
-140 
-130 
-120 
-110 
-100 
100 ms interval at t=100 ms was 2.25 s
100 ms interval at t=200 ms was 2.28 s
100 ms interval at t=300 ms was 2.28 s
100 ms interval at t=400 ms was 2.27 s
100 ms interval at t=500 ms was 2.28 s
100 ms interval at t=600 ms was 2.27 s
100 ms interval at t=700 ms was 2.27 s
100 ms interval at t=800 ms was 2.28 s
100 ms interval at t=900 ms was 2.27 s
100 ms interval at t=1000 ms was 2.27 s
100 ms interval at t=1100 ms was 2.28 s
100 ms interval at t=1200 ms was 2.27 s
100 ms interval at t=1300 ms was 2.27 s
100 ms interval at t=1400 ms was 2.28 s
100 ms interval at t=1500 ms was 2.27 s
100 ms interval at t=1600 ms was 2.26 s
100 ms interval at t=1700 ms was 2.28 s
100 ms interval at t=1800 ms was 2.27 s
100 ms interval at t=1900 ms was 2.27 s
100 ms interval at t=2000 ms was 2.27 s

TIME HOST 0: 45.4 seconds (ran simulation)
************
load_balance = 0.983
exchange_time = 0.06 ms
****
TIME SUMMARY for host 0
set up in 1.28 seconds
created cells in 0.0400002 seconds
connected cells in 1.84 seconds
ran simulation in 45.4 seconds
wrote results in 28.03 seconds
TOTAL TIME   = 77.11 seconds
ALLOTTED TIME = 14400 seconds
************
This run is called: testrun_06
************
