Starting model at Mon May 28 19:47:00 CEST 2018
numprocs=10
NEURON -- VERSION 7.5 master (6b4c19f) 2017-09-25
Duke, Yale, and the BlueBrain Project -- Copyright 1984-2016
See http://neuron.yale.edu/neuron/credits

Additional mechanisms from files
 cadyn.mod capool.mod ch_CavL.mod ch_CavN.mod ch_HCN.mod ch_HCNolm.mod ch_HCNp.mod ch_KCaS.mod ch_Kdrfast.mod ch_Kdrfastngf.mod ch_Kdrp.mod ch_Kdrslow.mod ch_KvAdistp.mod ch_KvA.mod ch_KvAngf.mod ch_KvAolm.mod ch_KvAproxp.mod ch_KvCaB.mod ch_KvGroup.mod ch_KvM.mod ch_leak.mod ch_Navaxonp.mod ch_Navbis.mod ch_Navcck.mod ch_Nav.mod ch_Navngf.mod ch_Navp.mod ExpGABAab.mod fastconn.mod h.mod iconc_Ca.mod im.mod kaprox.mod kdrca1.mod kv.mod leak.mod MyExp2Sid.mod MyExp2Sidnw.mod mynetstim.mod na12.mod na16.mod na3DA.mod na3.mod nainter.mod nap.mod nat.mod positionfcns.mod repeatconn.mod sahp.mod sgate.mod SIN.mod xtra.mod
Note, there was no axonal distribution file for poissonbg
Note, there was no axonal distribution file for poissonbg
Note, there was no axonal distribution file for poissonbg
Note, there was no axonal distribution file for poissonbg
Note, there was no axonal distribution file for poissonbg
Note, there was no axonal distribution file for poissonbg
Note, there was no axonal distribution file for poissonbg
Note, there was no axonal distribution file for poissonbg
Note, there was no axonal distribution file for poissonbg
Note, there was no axonal distribution file for poissonbg
direx: 9188a66c-445c-4a94-8e56-bab2c1365464

sh: git: command not found
sh: git: command not found
sh: git: command not found
Host 2  created cells.
Host 4  created cells.
Host Host 5  created cells.
Host 6  created cells.
Host 7  created cells.
Host 9  created cells.
Host 1  created cells.
3  created cells.
Host 8  created cells.

TIME HOST 0: 1.76 seconds (set up)
************
Host 0  created cells.

TIME HOST 0: 0.0900002 seconds (created cells)
************
Host 5  is connecting: pyramidalcells to pyramidalcells.
Host 2  is connecting: pyramidalcells to pyramidalcells.
Host 2  is connecting: axoaxoniccells to pyramidalcells.
Host 5  is connecting: axoaxoniccells to pyramidalcells.
Host 6  is connecting: pyramidalcells to pyramidalcells.
Host 6  is connecting: axoaxoniccells to pyramidalcells.
Host 4  is connecting: pyramidalcells to pyramidalcells.
Host 4  is connecting: axoaxoniccells to pyramidalcells.
Host 9  is connecting: pyramidalcells to pyramidalcells.
Host 9  is connecting: axoaxoniccells to pyramidalcells.
Host 2  is connecting: pvbasketcells to pyramidalcellHost 5  is connecting: pvbasketcells to pyramidalcells.
Host 5  is connecting: poissonbgs to pyramidalcells.
s.
Host 2  is connecting: poissonbgs to pyramidalcells.
Host Host 5  is connecting: pyramidalcells to axoaxoniccells.
2  is connecting: pyramidalcells to axoaxoniccells.
Host 3  is connecting: pyramidalcells to pyramidalcells.
Host 6  is connecting: pvbasketcells to pyramidalcells.
Host 6  is connecting: poissonbgs to pyramidalcells.
Host 6  is connecting: pyramidalcells to axoaxoniccells.
Host 7  is connecting: pyramidalcells to pyramidalcells.
Host 7  is connecting: axoaxoniccells to pyramidalcells.
Host 2  is connecting: axoaxoniccells to axoaxoniccells.
Host 2  is connecting: pvbasketcells to axoaxoniccells.
Host 2  is connecting: poissonbgs to axoaxoniccells.
Host 3  is connecting: axoaxoniccells to pyramidalcells.
Host 4  is connecting: pvbasketcells to pyramidalcells.
Host 4  is connecting: poissonbgs to pyramidalcells.
Host 4  is connecting: pyramidalcells to axoaxoniccells.
Host Host 5  is connecting: axoaxoniccells to axoaxoniccells.
Host 5  is connecting: pvbasketcells to axoaxoniccells.
Host 5  is connecting: poissonbgs to axoaxoniccells.
Host 6  is connecting: axoaxoniccells to axoaxoniccells.
Host 6  is connecting: pvbasketcells to axoaxoniccells.
Host 6  is connecting: poissonbgs to axoaxoniccells.
Host 9  is connecting: pvbasketcells to pyramidalcells.
Host 9  is connecting: poissonbgs to pyramidalcells.
Host 9  is connecting: pyramidalcells to axoaxoniccells.
Host 9  is connecting: axoaxoniccells to axoaxoniccells.
Host 9  is connecting: pvbasketcells to axoaxoniccells.
Host 9  is connecting: poissonbgs to axoaxoniccells.
Host 1  is connecting: pyramidalcells to pyramidalcells.
Host 1  is connecting: axoaxoniccells to pyramidalcells.
Host 2  is connecting: pyramidalcells to pvbasketcells.
Host 2  is connecting: axoaxoniccells to pvbasketcells.
Host 2  is connecting: pvbasketcells to pvbasketcells.
Host 2  is connecting: poissonbgs to pvbasketcells.
Host 3  is connecting: pvbasketcells to pyramidalcells.
Host 3  is connecting: poissonbgs to pyramidalcells.
Host 4  is connecting: axoaxoniccells to axoaxoniccells.
Host 4  is connecting: pvbasketcells to axoaxoniccells.
Host 4  is connecting: poissonbgs to axoaxoniccells.
Host 5  is connecting: pyramidalcells to pvbasketcells.
Host 5  is connecting: axoaxoniccells to pvbasketcells.
Host 5  is connecting: pvbasketcells to pvbasketcells.
Host 5  is connecting: poissonbgs to pvbasketcells.
Host 5  is connecting: pyramidalcells to poissonbgs.
Host 5  is connecting: axoaxoniccells to poissonbgHost 7  is connecting: pvbasketcells to pyramidalcells.
Host 7  is connecting: poissonbgs to pyramidalcells.
Host 7  is connecting: pyramidalcells to axoaxoniccells.
Host 8  is connecting: pyramidalcells to pyramidalcells.
Host 8  is connecting: axoaxoniccells to pyramidalcells.
Host 8  is connecting: pvbasketcells to pyramidalcells.
Host 8  is connecting: poissonbgs to pyramidalcells.
Host 1  is connecting: pvbasketcells to pyramidalcells.
Host 1  is connecting: poissonbgs to pyramidalcells.
Host 2  is connecting: pyramidalcells to poissonbgs.
Host 2  is connecting: axoaxoniccells to poissonbgs.
Host 2  is connecting: pvbasketcells to poissonbgs.
Host 2  is connecting: poissonbgs to poissonbgs.
Host 2  connected cells.
3  is connecting: pyramidalcells to axoaxoniccells.
Host 3  is connecting: axoaxoniccells to axoaxoniccells.
Host 3  is connecting: pvbasketcells to axoaxoniccells.
Host 3  is connecting: poissonbgs to axoaxoniccells.
Host 4  is connecting: pyramidalcells to pvbasketcells.
Host 4  is connecting: axoaxoniccells to pvbasketcells.
Host 4  is connecting: pvbasketcells to pvbasketcells.
Host 4  is connecting: poissonbgs to pvbasketcells.
Host 4  is connecting: pyramidalcells to poissonbgs.
Host 4  is connecting: axoaxoniccells to poissonbgs.
Host 4  is connecting: pvbasketcells to s.
Host 5  is connecting: pvbasketcells to poissonbgs.
Host 5  is connecting: poissonbgs to poissonbgs.
Host 5  connected cells.
Host 6  is connecting: pyramidalcells to pvbasketcells.
Host 6  is connecting: axoaxoniccells to pvbasketcells.
Host 6  is connecting: pvbasketcells to pvbasketcells.
Host 6  is connecting: poissonbgs to pvbasketcells.
Host 6  is connecting: pyramidalcells to poissonbgs.
Host 6  is connecting: axoaxoniccells to poissonbgs.
Host 6  is connecting: pvbasketcells to poissonbgs.
Host 6  is connecting: poissonbgs to poissonbgs.
Host 6  connected cells.
Host 7  is connecting: axoaxoniccells to axoaxoniccells.
Host 7  is connecting: pvbasketcells to axoaxoniccells.
Host 7  is connecting: poissonbgs to axoaxoniccells.
Host 8  is connecting: pyramidalcells to axoaxoniccells.
Host 8  is connecting: axoaxoniccells to axoaxoniccells.
Host 8  is connecting: pvbasketcells to axoaxoniccells.
Host 8  is connecting: poissonbgs to axoaxoniccells.
Host 9  is connecting: pyramidalcells to pvbasketcells.
Host 9  is connecting: axoaxoniccells to pvbasketcells.
Host 9  is connecting: pvbasketcells to pvbasketcells.
Host 9  is connecting: poissonbgs to pvbasketcells.
Host 9  is connecting: pyramidalcells to poissonbgs.
Host 9  is connecting: axoaxoniccells to poissonbgs.
Host 9  is connecting: pvbasketcells to poissonbgs.
Host 9  is connecting: poissonbgs to poissonbgs.
Host 9  connected cells.
Host 1  is connecting: pyramidalcells to axoaxoniccells.
Host 1  is connecting: axoaxoniccells to axoaxoniccells.
Host 1  is connecting: pvbasketcells to axoaxoniccells.
Host 1  is connecting: poissonbgs to axoaxoniccells.
Host 3  is connecting: pyramidalcells to pvbasketcells.
Host 3  is connecting: axoaxoniccells to pvbasketcells.
Host 3  is connecting: pvbasketcells to pvbasketcells.
Host 3  is connecting: poissonbgs to pvbasketcells.
poissonbgs.
Host 4  is connecting: poissonbgs to poissonbgs.
Host 4  connected cells.
Host 7  is connecting: pyramidalcells to pvbasketcells.
Host 7  is connecting: axoaxoniccells to pvbasketcells.
Host 7  is connecting: pvbasketcells to pvbasketcells.
Host 7  is connecting: poissonbgs to pvbasketcells.
Host 7  is connecting: pyramidalcells to poissonbgs.
Host Host 1  is connecting: pyramidalcells to pvbasketcells.
Host 3  is connecting: pyramidalcells to poissonbgs.
Host 3  is connecting: axoaxoniccells to poissonbgs.
Host 3  is connecting: pvbasketcells to poissonbgs.
Host 3  is connecting: poissonbgs to poissonbgs.
Host 3  connected cells.7  is connecting: axoaxoniccells to poissonbgs.
Host 7  is connecting: pvbasketcells to poissonbgs.
Host 7  is connecting: poissonbgs to poissonbgs.
Host 7  connected cells.
Host 8  is connecting: pyramidalcells to pvbasketcells.
Host 8  is connecting: axoaxoniccells to pvbasketcells.
Host 8  is connecting: pvbasketcells to pvbasketcells.
Host 8  is connecting: poissonbgs to pvbasketcells.
Host 8  is connecting: pyramidalcells to poissonbgs.
Host 8  is connecting: axoaxoniccells to poissonbgs.Host 1  is connecting: axoaxoniccells to pvbasketcells.
Host 1  is connecting: pvbasketcells to pvbasketcells.
Host 1  is connecting: poissonbgs to pvbasketcells.
Host 1  is connecting: pyramidalcells to poissonbgs.
Host 1 

Host 8  is connecting: pvbasketcells to poissonbgs.
Host 8  is connecting: poissonbgs to poissonbgs.
Host 8  connected cells.
 is connecting: axoaxoniccells to poissonbgs.
Host 1  is connecting: pvbasketcells to poissonbgs.
Host 1  is connecting: poissonbgs to poissonbgs.
Host 1  connected cells.
Host 0  is connecting: pyramidalcells to pyramidalcells.
Host 0  is connecting: axoaxoniccells to pyramidalcells.
sh: topcmd.sh: No such file or directory
Host 0  is connecting: pvbasketcells to pyramidalcells.
Host 0  is connecting: poissonbgs to pyramidalcells.
Host 0  is connecting: pyramidalcells to axoaxoniccells.
sh: topcmd.sh: No such file or directory
Host 0  is connecting: axoaxoniccells to axoaxoniccells.
Host 0  is connecting: pvbasketcells to axoaxoniccells.
Host 0  is connecting: poissonbgs to axoaxoniccells.
sh: topcmd.sh: No such file or directory
Host 0  is connecting: pyramidalcells to pvbasketcells.
Host 0  is connecting: axoaxoniccells to pvbasketcells.
Host 0  is connecting: pvbasketcells to pvbasketcells.
Host 0  is connecting: poissonbgs to pvbasketcells.
Host 0  is connecting: pyramidalcells to poissonbgs.
Host 0  is connecting: axoaxoniccells to poissonbgs.
Host 0  is connecting: pvbasketcells to poissonbgs.
Host 0  is connecting: poissonbgs to poissonbgs.
Host 0  connected cells.

TIME HOST 0: 1.9 seconds (connected cells)
************

host 0 online before 
	23 
host 1 online before 
	23 

host 2 online before 
	23 

host 3 online before 
	23 

host 4 online before 
	23 

host 5 online before 
	23 

host 6 online before 
	23 

host 7 online before 
	23 

host 8 online before 
	23 

host 9 online before 
	23 

-490 
-490 
-490 
-490 
-490 
-480 
-480 
-490 
-490 
-490 
-490 
-480 
-490 
-480 
-480 
-470 
-470 
-470 
-480 
-470 
-470 
-480 
-480 
-480 
-480 
-460 
-460 
-460 
-470 
-460 
-460 
-470 
-470 
-470 
-450 
-450 
-470 
-460 
-460 
-460 
-440 
-440 
-460 
-450 
-450 
-440 
-460 
-450 
-450 
-440 
-430 
-450 
-430 
-450 
-430 
-450 
-450 
-440 
-420 
-420 
-440 
-440 
-430 
-420 
-440 
-440 
-430 
-410 
-410 
-410 
-440 
-420 
-430 
-430 
-400 
-400 
-420 
-430 
-430 
-400 
-420 
-420 
-430 
-410 
-390 
-390 
-390 
-410 
-420 
-410 
-410 
-400 
-420 
-420 
-380 
-380 
-380 
-400 
-410 
-400 
-400 
-370 
-370 
-390 
-370 
-410 
-390 
-360 
-390 
-410 
-390 
-360 
-360 
-380 
-400 
-400 
-380 
-350 
-350 
-380 
-400 
-380 
-350 
-370 
-370 
-390 
-390 
-340 
-340 
-370 
-340 
-370 
-360 
-390 
-330 
-330 
-360 
-380 
-330 
-360 
-360 
-380 
-320 
-320 
-350 
-320 
-350 
-370 
-350 
-370 
-350 
-380 
-310 
-310 
-310 
-340 
-340 
-340 
-360 
-340 
-360 
-300 
-300 
-300 
-330 
-330 
-330 
-350 
-330 
-350 
-290 
-290 
-320 
-370 
-290 
-320 
-320 
-280 
-280 
-320 
-340 
-280 
-310 
-340 
-310 
-310 
-360 
-270 
-270 
-270 
-300 
-310 
-330 
-330 
-260 
-260 
-300 
-260 
-300 
-320 
-300 
-290 
-250 
-250 
-290 
-250 
-290 
-320 
-350 
-310 
-280 
-240 
-240 
-290 
-240 
-280 
-280 
-310 
-300 
-230 
-270 
-230 
-230 
-340 
-270 
-280 
-270 
-300 
-290 
-220 
-220 
-220 
-260 
-260 
-270 
-330 
-210 
-280 
-260 
-290 
-210 
-210 
-250 
-250 
-260 
-200 
-200 
-250 
-200 
-270 
-280 
-240 
-320 
-240 
-190 
-190 
-250 
-190 
-240 
-260 
-270 
-230 
-180 
-180 
-230 
-180 
-230 
-240 
-250 
-260 
-310 
-220 
-170 
-170 
-170 
-220 
-230 
-220 
-240 
-250 
-210 
-160 
-160 
-160 
-210 
-210 
-220 
-230 
-200 
-300 
-240 
-150 
-150 
-150 
-200 
-220 
-200 
-210 
-140 
-190 
-140 
-140 
-230 
-190 
-190 
-290 
-130 
-130 
-200 
-210 
-130 
-220 
-180 
-180 
-180 
-120 
-120 
-200 
-120 
-170 
-190 
-170 
-210 
-170 
-280 
-110 
-190 
-110 
-160 
-110 
-180 
-160 
-100 
-100 
-160 
-100 
-180 
-200 
-150 
-170 
-150 
-270 
-150 
-170 
-190 
-140 
-160 
-140 
-140 
-160 
-260 
-130 
-180 
-150 
-130 
-130 
-150 
-120 
-250 
-170 
-120 
-140 
-120 
-110 
-240 
-110 
-130 
-160 
-140 
-100 
-110 
-100 
-130 
-150 
-230 
-120 
-100 
-140 
-120 
-220 
-110 
-110 
-210 
-100 
-130 
-100 
-200 
-120 
-190 
-180 
-110 
-100 
-170 
-160 
-150 
-140 
-130 
-120 
-110 
-100 
100 ms interval at t=100 ms was 1.99 s
100 ms interval at t=200 ms was 1.94 s
100 ms interval at t=300 ms was 1.93 s
100 ms interval at t=400 ms was 1.94 s
100 ms interval at t=500 ms was 1.93 s
100 ms interval at t=600 ms was 1.93 s
100 ms interval at t=700 ms was 1.93 s
100 ms interval at t=800 ms was 1.93 s
100 ms interval at t=900 ms was 1.93 s
srun: Job step aborted: Waiting up to 32 seconds for job step to finish.
slurmstepd: error: *** STEP 18823.0 ON prod-0006 CANCELLED AT 2018-05-28T19:47:24 ***
slurmstepd: error: *** JOB 18823 ON prod-0006 CANCELLED AT 2018-05-28T19:47:24 ***
