Starting model at Mon May 28 20:04:20 CEST 2018
numprocs=10
NEURON -- VERSION 7.5 master (6b4c19f) 2017-09-25
Duke, Yale, and the BlueBrain Project -- Copyright 1984-2016
See http://neuron.yale.edu/neuron/credits

Additional mechanisms from files
 cadyn.mod capool.mod ch_CavL.mod ch_CavN.mod ch_HCN.mod ch_HCNolm.mod ch_HCNp.mod ch_KCaS.mod ch_Kdrfast.mod ch_Kdrfastngf.mod ch_Kdrp.mod ch_Kdrslow.mod ch_KvAdistp.mod ch_KvA.mod ch_KvAngf.mod ch_KvAolm.mod ch_KvAproxp.mod ch_KvCaB.mod ch_KvGroup.mod ch_KvM.mod ch_leak.mod ch_Navaxonp.mod ch_Navbis.mod ch_Navcck.mod ch_Nav.mod ch_Navngf.mod ch_Navp.mod ExpGABAab.mod fastconn.mod h.mod iconc_Ca.mod im.mod kaprox.mod kdrca1.mod kv.mod leak.mod MyExp2Sid.mod MyExp2Sidnw.mod mynetstim.mod na12.mod na16.mod na3DA.mod na3.mod nainter.mod nap.mod nat.mod positionfcns.mod repeatconn.mod sahp.mod sgate.mod SIN.mod xtra.mod
Note, there was no axonal distribution file for poissonbg
Note, there was no axonal distribution file for poissonbg
Note, there was no axonal distribution file for poissonbg
Note, there was no axonal distribution file for poissonbg
Note, there was no axonal distribution file for poissonbg
Note, there was no axonal distribution file for poissonbg
Note, there was no axonal distribution file for poissonbg
Note, there was no axonal distribution file for poissonbg
Note, there was no axonal distribution file for poissonbg
Note, there was no axonal distribution file for poissonbg
direx: cbdac88a-78cc-4989-b993-771ef553c466

sh: git: command not found
sh: git: command not found
sh: git: command not found
Host 2  created cells.
Host 4  created cells.
Host 8  created cells.
Host 9  created cells.
Host 7  created cells.
Host 5  created cells.
Host 6  created cells.
Host 1  created cells.
Host 3  created cells.

TIME HOST 0: 1.2 seconds (set up)
************
Host 0  created cells.

TIME HOST 0: 0.0599999 seconds (created cells)
************
Host 8  is connecting: pyramidalcells to pyramidalcells.
Host 8  is connecting: axoaxoniccells to pyramidalcells.
Host 7  is connecting: pyramidalcells to pyramidalcells.
Host 7  is connecting: axoaxoniccells to pyramidalcells.
Host 8  is connecting: pvbasketcells to pyramidalcells.
Host 8  is connecting: poissonbgs to pyramidalcells.
Host 8  is connecting: pyramidalcells to axoaxoniccells.
Host 9  is connecting: pyramidalcells to pyramidalcells.
Host 9  is connecting: axoaxoniccells to pyramidalcells.
Host 1 Host 2  is connecting: pyramidalcells to pyramidalcells.
Host 2  is connecting: axoaxoniccells to pyramidalcells.
Host 4  is connecting: pyramidalcells to pyramidalcells.
Host 4  is connecting: axoaxoniccells to pyramidalcells.
Host 6  is connecting: pyramidalcells to pyramidalcells.
Host 6  is connecting: axoaxoniccells to pyramidalcells.
 is connecting: pyramidalcells to pyramidalcells.
Host 1  is connecting: axoaxoniccells to pyramidalcells.
Host 5  is connecting: pyramidalcells to pyramidalcellHost 8  is connecting: axoaxoniccells to axoaxoniccells.
Host 8  is connecting: pvbasketcells to axoaxoniccells.
s.
Host 5  is connecting: axoaxoniccells to pyramidalcells.
Host 7  is connecting: pvbasketcells to pyramidalcells.
Host 7  is connecting: poissonbgs to pyramidalcells.
Host 7  is connecting: pyramidalcellHost 8  is connecting: poissonbgs to axoaxoniccells.
Host 9  is connecting: pvbasketcells to pyramidalcells.
Host 9  is connecting: poissonbgs to pyramidalcells.
Host 9  is connecting: pyramidalcells to axoaxoniccells.
Host 2  is connecting: pvbasketcells to pyramidalcells.
Host Host 4  is connecting: pvbasketcells to pyramidalcells.
Host 4  is connecting: poissonbgs to pyramidalcells.
Host s to axoaxoniccells.
Host 1  is connecting: pvbasketcells to pyramidalcells.
Host 1  is connecting: poissonbgs to pyramidalcells.
2  is connecting: poissonbgs to pyramidalcells.
Host 2  is connecting: pyramidalcells to axoaxoniccells.
4  is connecting: pyramidalcells to axoaxoniccells.
Host 5  is connecting: pvbasketcells to pyramidalcells.
Host 5  is connecting: poissonbgs to pyramidalcells.
Host 5  is connecting: pyramidalcells to axoaxoniccells.
Host 6  is connecting: pvbasketcells to pyramidalcells.
Host 6  is connecting: poissonbgs to pyramidalcells.
Host 6  is connecting: pyramidalcells to axoaxoniccells.
Host 7  is connecting: axoaxoniccells to axoaxoniccells.
Host 7  is connecting: pvbasketcells to axoaxoniccells.
Host 7  is connecting: poissonbgs to axoaxoniccells.
Host 8  is connecting: pyramidalcells to pvbasketcells.
Host 8  is connecting: axoaxoniccells to pvbasketcells.
Host 8  is connecting: pvbasketcells to pvbasketcells.
Host 8  is connecting: poissonbgs to pvbasketcells.
Host 8  is connecting: pyramidalcells to poissonbgs.
Host 8  is connecting: axoaxoniccells to Host 9  is connecting: axoaxoniccells to axoaxoniccells.
Host 9  is connecting: pvbasketcells to axoaxoniccells.
Host 9  is connecting: poissonbgs to axoaxoniccells.
Host 1  is connecting: pyramidalcells to axoaxoniccells.
Host 2  is connecting: axoaxoniccells to axoaxoniccells.
Host Host 3  is connecting: pyramidalcells to pyramidalcells.
Host 3  is connecting: axoaxoniccells to pyramidalcells.
poissonbgs.
Host 8  is connecting: pvbasketcells to poissonbgs.
Host 8  is connecting: poissonbgs to 2  is connecting: pvbasketcells to axoaxoniccells.
Host 2  is connecting: poissonbgs to axoaxoniccellHost 4  is connecting: axoaxoniccells to axoaxoniccells.
Host 4  is connecting: pvbasketcells to axoaxoniccells.
Host 4 Host 6  is connecting: axoaxoniccells to axoaxoniccells.
Host poissonbgs.
Host 8  connected cells.
s.
 is connecting: poissonbgs to axoaxoniccells.
6  is connecting: pvbasketcells to axoaxoniccells.
Host 6  is connecting: poissonbgs to axoaxoniccells.
Host 1  is connecting: axoaxoniccells to axoaxoniccells.
Host 1  is connecting: pvbasketcells to axoaxoniccells.
Host 1  is connecting: poissonbgs to axoaxoniccells.
Host 5  is connecting: axoaxoniccells to axoaxoniccells.
Host 5  is connecting: pvbasketcells to axoaxoniccells.
Host 5  is connecting: poissonbgs to axoaxoniccells.
Host 9  is connecting: pyramidalcells to pvbasketcells.
Host 9  is connecting: axoaxoniccells to pvbasketcells.
Host 9  is connecting: pvbasketcells to pvbasketcells.
Host 9  is connecting: Host 7  is connecting: pyramidalcells to pvbasketcells.
Host 7  is connecting: axoaxoniccells to pvbasketcells.
Host 7  is connecting: pvbasketcells to pvbasketcells.
Host poissonbgs to pvbasketcells.
Host 9  is connecting: pyramidalcells to poissonbgs.
Host 2  is connecting: pyramidalcells to pvbasketcells.
Host Host 3 Host 4  is connecting: pyramidalcells to pvbasketcells.
Host 4 7  is connecting: poissonbgs to pvbasketcells.
Host 7  is connecting: Host 9  is connecting: axoaxoniccells to poissonbgs.
Host 2  is connecting: axoaxoniccells to pvbasketcells.
Host 2  is connecting: pvbasketcell is connecting: pvbasketcells to pyramidalcells.
Host 3  is connecting:  is connecting: axoaxoniccells to pvbasketcells.
Host 4  is connecting: pvbasketcellpyramidalcells to poissonbgs.
Host 7  is connecting: axoaxoniccells to 9  is connecting: pvbasketcells to poissonbgs.
Host 9  is connecting: s to pvbasketcells.
Host 2  is connecting: poissonbgs to poissonbgs to pyramidalcells.
s to pvbasketcells.
Host 4  is connecting: poissonbgs to Host 6  is connecting: pyramidalcells to pvbasketcells.
Host 6  is connecting: axoaxoniccellpoissonbgs.
Host 7  is connecting: pvbasketcells to poissonbgs.
poissonbgs to poissonbgs.
Host 9  connected cells.
pvbasketcells.
Host 2  is connecting: pyramidalcellHost 3  is connecting: pyramidalcells to axoaxoniccells.
pvbasketcells.
Host 4  is connecting: pyramidalcells to Host 5  is connecting: pyramidalcells to pvbasketcells.
Host s to pvbasketcells.
Host 6  is connecting: pvbasketcells to pvbasketcells.
Host 7  is connecting: poissonbgs to poissonbgs.
Host 7  connected cells.
Host 1  is connecting: pyramidalcells to pvbasketcells.
Host 1 s to poissonbgs.
Host 2  is connecting: axoaxoniccells to poissonbgs.
Host poissonbgs.
Host 4  is connecting: axoaxoniccells to poissonbgs.
5  is connecting: axoaxoniccells to pvbasketcells.
Host 5  is connecting: pvbasketcellHost 6  is connecting: poissonbgs to pvbasketcells.
 is connecting: axoaxoniccells to pvbasketcells.
Host 1  is connecting: pvbasketcell2  is connecting: pvbasketcells to poissonbgs.
Host 2  is connecting: Host 4  is connecting: pvbasketcells to poissonbgs.
Host s to pvbasketcells.
Host 5  is connecting: poissonbgs to pvbasketcellHost 6  is connecting: pyramidalcells to poissonbgs.
Host s to pvbasketcells.
Host 1  is connecting: poissonbgs to pvbasketcellpoissonbgs to poissonbgs.
Host 2  connected cells.
4  is connecting: poissonbgs to poissonbgs.
Host 4  connected cells.
s.
Host 5  is connecting: pyramidalcell6  is connecting: axoaxoniccells to poissonbgs.
Host 6  is connecting: s.
Host 1  is connecting: pyramidalcells to poissonbgs.
Host 5 pvbasketcells to poissonbgs.
Host 6 s to poissonbgs.
Host 1  is connecting: axoaxoniccells to poissonbgs.
Host  is connecting: poissonbgs to poissonbgs.
Host  is connecting: axoaxoniccells to poissonbgs.
Host 5  is connecting: pvbasketcells to poissonbgs.
Host 5 6  connected cells.
1  is connecting: pvbasketcells to poissonbgs.
Host 1 Host  is connecting: poissonbgs to poissonbgs.
Host 5  connected cells.
 is connecting: poissonbgs to poissonbgs.
Host 1 3  is connecting: axoaxoniccells to axoaxoniccells.
 connected cells.
Host 3  is connecting: pvbasketcells to axoaxoniccells.
Host 3  is connecting: poissonbgs to axoaxoniccells.
Host 3  is connecting: pyramidalcells to pvbasketcells.
Host 3  is connecting: axoaxoniccells to pvbasketcells.
Host 3  is connecting: pvbasketcells to pvbasketcells.
Host 3  is connecting: poissonbgs to pvbasketcells.
Host 3  is connecting: pyramidalcells to poissonbgs.
Host 3  is connecting: axoaxoniccells to poissonbgs.
Host 3  is connecting: pvbasketcells to poissonbgs.
Host 3  is connecting: poissonbgs to poissonbgs.
Host 3  connected cells.
Host 0  is connecting: pyramidalcells to pyramidalcells.
Host 0  is connecting: axoaxoniccells to pyramidalcells.
sh: topcmd.sh: No such file or directory
Host 0  is connecting: pvbasketcells to pyramidalcells.
Host 0  is connecting: poissonbgs to pyramidalcells.
Host 0  is connecting: pyramidalcells to axoaxoniccells.
sh: topcmd.sh: No such file or directory
Host 0  is connecting: axoaxoniccells to axoaxoniccells.
Host 0  is connecting: pvbasketcells to axoaxoniccells.
Host 0  is connecting: poissonbgs to axoaxoniccells.
sh: topcmd.sh: No such file or directory
Host 0  is connecting: pyramidalcells to pvbasketcells.
Host 0  is connecting: axoaxoniccells to pvbasketcells.
Host 0  is connecting: pvbasketcells to pvbasketcells.
Host 0  is connecting: poissonbgs to pvbasketcells.
Host 0  is connecting: pyramidalcells to poissonbgs.
Host 0  is connecting: axoaxoniccells to poissonbgs.
Host 0  is connecting: pvbasketcells to poissonbgs.
Host 0  is connecting: poissonbgs to poissonbgs.
Host 0  connected cells.

TIME HOST 0: 1.84 seconds (connected cells)
************

host 0 online before 
	23 

host 1 online before 
	23 

host 2 online before 
	23 

host 3 online before 
	23 

host 4 online before 
	23 

host 5 online before 
	23 

host 6 online before 
	23 

host 7 online before 
	23 

host 8 online before 
	23 

host 9 online before 
	23 
-490 
-490 
-490 
-490 
-490 
-480 
-480 
-480 
-480 
-480 
-470 
-470 
-470 
-470 
-470 
-460 
-460 
-460 
-460 
-460 
-450 
-450 
-440 
-430 
-420 
-410 
-490 
-490 
-490 
-450 
-440 
-430 
-440 
-430 
-420 
-410 
-490 
-450 
-440 
-430 
-420 
-410 
-450 
-440 
-430 
-420 
-410 
-400 
-400 
-400 
-400 
-420 
-390 
-390 
-390 
-390 
-480 
-480 
-480 
-480 
-380 
-380 
-380 
-380 
-490 
-410 
-370 
-370 
-370 
-370 
-400 
-360 
-360 
-360 
-360 
-470 
-470 
-470 
-470 
-390 
-350 
-350 
-350 
-350 
-480 
-340 
-340 
-340 
-340 
-380 
-460 
-460 
-460 
-330 
-330 
-330 
-330 
-460 
-370 
-320 
-320 
-320 
-320 
-470 
-360 
-310 
-310 
-300 
-290 
-280 
-310 
-300 
-290 
-280 
-450 
-440 
-450 
-440 
-450 
-440 
-460 
-350 
-340 
-300 
-290 
-280 
-450 
-310 
-300 
-290 
-280 
-440 
-330 
-270 
-270 
-270 
-270 
-320 
-260 
-260 
-260 
-260 
-430 
-430 
-430 
-310 
-250 
-450 
-250 
-430 
-250 
-250 
-240 
-240 
-240 
-240 
-300 
-420 
-420 
-420 
-230 
-230 
-230 
-230 
-420 
-290 
-220 
-220 
-220 
-220 
-440 
-210 
-210 
-210 
-210 
-280 
-410 
-410 
-410 
-200 
-400 
-400 
-400 
-430 
-270 
-260 
-190 
-180 
-410 
-200 
-190 
-180 
-200 
-190 
-180 
-200 
-190 
-180 
-400 
-170 
-170 
-170 
-250 
-170 
-160 
-160 
-160 
-160 
-240 
-420 
-390 
-390 
-390 
-150 
-150 
-150 
-150 
-390 
-230 
-140 
-140 
-140 
-140 
-220 
-130 
-130 
-130 
-130 
-380 
-380 
-380 
-410 
-380 
-120 
-120 
-210 
-120 
-120 
-110 
-110 
-110 
-110 
-200 
-370 
-370 
-370 
-100 
-100 
-100 
-100 
-400 
-370 
-190 
-180 
-360 
-360 
-360 
-360 
-170 
-390 
-160 
-350 
-350 
-350 
-150 
-350 
-380 
-140 
-340 
-340 
-340 
-130 
-340 
-120 
-330 
-330 
-330 
-370 
-110 
-330 
-100 
-320 
-320 
-320 
-360 
-320 
-310 
-310 
-310 
-350 
-310 
-300 
-300 
-300 
-300 
-340 
-290 
-290 
-290 
-290 
-330 
-280 
-280 
-280 
-280 
-320 
-270 
-270 
-270 
-270 
-310 
-260 
-260 
-260 
-260 
-300 
-250 
-250 
-250 
-250 
-290 
-240 
-240 
-240 
-240 
-230 
-230 
-230 
-280 
-230 
-220 
-220 
-220 
-270 
-220 
-210 
-210 
-210 
-260 
-210 
-200 
-200 
-200 
-250 
-200 
-190 
-190 
-190 
-240 
-190 
-180 
-180 
-180 
-180 
-230 
-170 
-170 
-170 
-170 
-220 
-160 
-160 
-160 
-160 
-210 
-150 
-150 
-150 
-200 
-150 
-140 
-140 
-140 
-140 
-190 
-130 
-130 
-130 
-130 
-180 
-120 
-120 
-120 
-120 
-170 
-110 
-110 
-110 
-110 
-100 
-100 
-100 
-160 
-100 
-150 
-140 
-130 
-120 
-110 
-100 
100 ms interval at t=100 ms was 19.44 s
100 ms interval at t=200 ms was 19.03 s
100 ms interval at t=300 ms was 19.03 s
100 ms interval at t=400 ms was 19 s
100 ms interval at t=500 ms was 19 s
100 ms interval at t=600 ms was 17.48 s
100 ms interval at t=700 ms was 16.98 s
100 ms interval at t=800 ms was 16.98 s
100 ms interval at t=900 ms was 16.98 s
100 ms interval at t=1000 ms was 16.99 s
100 ms interval at t=1100 ms was 16.97 s
100 ms interval at t=1200 ms was 16.97 s
100 ms interval at t=1300 ms was 16.99 s
100 ms interval at t=1400 ms was 16.98 s
100 ms interval at t=1500 ms was 16.98 s
100 ms interval at t=1600 ms was 16.98 s
100 ms interval at t=1700 ms was 16.99 s
100 ms interval at t=1800 ms was 16.98 s
100 ms interval at t=1900 ms was 16.98 s
100 ms interval at t=2000 ms was 16.99 s

TIME HOST 0: 350.37 seconds (ran simulation)
************
load_balance = 0.974
exchange_time = 0.23 ms
****
TIME SUMMARY for host 0
set up in 1.2 seconds
created cells in 0.0599999 seconds
connected cells in 1.84 seconds
ran simulation in 350.37 seconds
wrote results in 28.38 seconds
TOTAL TIME   = 382.76 seconds
ALLOTTED TIME = 14400 seconds
************
This run is called: testrun
************
